2022-08-28 21:32:53,655  INFO bot_config.bot - bot_has_launched!
2022-08-28 21:33:09,723  INFO bot_config.fsm - Receive messages on user_id: 588151081
2022-08-28 21:36:49,419  INFO __main__ - Shutdown
2022-08-28 21:38:48,748 ERROR bot_config.worker - Worker exception: KeyError 
Traceback (most recent call last):
  File "C:\Users\mcmis\PycharmProjects\Telegram_Bot_Informer_for_public\bot_config\worker.py", line 26, in worker
    check_before_send.checking_telegram_id(topic, source, text, text_to_send, item.time)
  File "C:\Users\mcmis\PycharmProjects\Telegram_Bot_Informer_for_public\bot_config\check_before_send.py", line 28, in checking_telegram_id
    logger.info(f'{get_json_localization("check_user_subscriptions")} {telegram_id} '
  File "C:\Users\mcmis\PycharmProjects\Telegram_Bot_Informer_for_public\bot_config\check_before_send.py", line 14, in get_json_localization
    result = json.load(phrase_file)[key]
KeyError: 'check_user_subscriptions'
2022-08-28 21:38:49,755  INFO bot_config.worker - Kоличество элементов в очереди на прием: 0 
2022-08-28 21:42:12,508  INFO __main__ - Shutdown
2022-08-28 21:42:22,690 ERROR bot_config.worker - Worker exception: KeyError 
Traceback (most recent call last):
  File "C:\Users\mcmis\PycharmProjects\Telegram_Bot_Informer_for_public\bot_config\worker.py", line 26, in worker
    check_before_send.checking_telegram_id(topic, source, text, text_to_send, item.time)
  File "C:\Users\mcmis\PycharmProjects\Telegram_Bot_Informer_for_public\bot_config\check_before_send.py", line 29, in checking_telegram_id
    f'{get_json_localization("with_incoming_message")},'
  File "C:\Users\mcmis\PycharmProjects\Telegram_Bot_Informer_for_public\bot_config\check_before_send.py", line 14, in get_json_localization
    result = json.load(phrase_file)[key]
KeyError: 'with_incoming_message'
2022-08-28 21:42:23,692  INFO bot_config.worker - Kоличество элементов в очереди на прием: 0 
2022-08-28 21:44:07,818  INFO __main__ - Shutdown
2022-08-28 21:44:10,521 ERROR bot_config.worker - Worker exception: KeyError 
Traceback (most recent call last):
  File "C:\Users\mcmis\PycharmProjects\Telegram_Bot_Informer_for_public\bot_config\worker.py", line 26, in worker
    check_before_send.checking_telegram_id(topic, source, text, text_to_send, item.time)
  File "C:\Users\mcmis\PycharmProjects\Telegram_Bot_Informer_for_public\bot_config\check_before_send.py", line 29, in checking_telegram_id
    f'{get_json_localization("with_incoming_message")},'
  File "C:\Users\mcmis\PycharmProjects\Telegram_Bot_Informer_for_public\bot_config\check_before_send.py", line 14, in get_json_localization
    result = json.load(phrase_file)[key]
KeyError: 'with_incoming_message'
2022-08-28 21:44:11,524  INFO bot_config.worker - Kоличество элементов в очереди на прием: 0 
2022-08-28 21:44:25,532  INFO __main__ - Shutdown
2022-08-28 21:44:29,425 ERROR bot_config.worker - Worker exception: KeyError 
Traceback (most recent call last):
  File "C:\Users\mcmis\PycharmProjects\Telegram_Bot_Informer_for_public\bot_config\worker.py", line 26, in worker
    check_before_send.checking_telegram_id(topic, source, text, text_to_send, item.time)
  File "C:\Users\mcmis\PycharmProjects\Telegram_Bot_Informer_for_public\bot_config\check_before_send.py", line 29, in checking_telegram_id
    f'{get_json_localization("with_incoming_message")},'
  File "C:\Users\mcmis\PycharmProjects\Telegram_Bot_Informer_for_public\bot_config\check_before_send.py", line 14, in get_json_localization
    result = json.load(phrase_file)[key]
KeyError: 'with_incoming_message'
2022-08-28 21:44:30,426  INFO bot_config.worker - Kоличество элементов в очереди на прием: 0 
2022-08-28 21:44:47,438  INFO __main__ - Shutdown
2022-08-28 21:45:29,766  INFO __main__ - Shutdown
2022-08-28 21:45:33,511  INFO bot_config.check_before_send - checking user subscriptions 588151081 with incoming message, result: False
2022-08-28 21:45:33,516 ERROR bot_config.worker - Worker exception: KeyError 
Traceback (most recent call last):
  File "C:\Users\mcmis\PycharmProjects\Telegram_Bot_Informer_for_public\bot_config\worker.py", line 26, in worker
    check_before_send.checking_telegram_id(topic, source, text, text_to_send, item.time)
  File "C:\Users\mcmis\PycharmProjects\Telegram_Bot_Informer_for_public\bot_config\check_before_send.py", line 32, in checking_telegram_id
    logger.info(f'{get_json_localization("check_user_time_period")}'
  File "C:\Users\mcmis\PycharmProjects\Telegram_Bot_Informer_for_public\bot_config\check_before_send.py", line 14, in get_json_localization
    result = json.load(phrase_file)[key]
KeyError: 'check_user_time_period'
2022-08-28 21:45:34,518  INFO bot_config.worker - Kоличество элементов в очереди на прием: 0 
2022-08-28 21:48:31,239  INFO __main__ - Shutdown
2022-08-28 21:48:35,154  INFO bot_config.check_before_send - checking user subscriptions 588151081 with incoming message, result: False
2022-08-28 21:48:35,158  INFO bot_config.check_before_send - checking for the time period,in which messages can be sent to the user 588151081, result: False
2022-08-28 21:48:35,159  INFO bot_config.worker - Kоличество элементов в очереди на прием: 0 
2022-08-28 21:48:41,969  INFO bot_config.check_before_send - checking user subscriptions 588151081 with incoming message, result: False
2022-08-28 21:48:41,973  INFO bot_config.check_before_send - checking for the time period,in which messages can be sent to the user 588151081, result: False
2022-08-28 21:48:41,973  INFO bot_config.worker - Kоличество элементов в очереди на прием: 0 
2022-08-28 21:48:43,120  INFO bot_config.check_before_send - checking user subscriptions 588151081 with incoming message, result: False
2022-08-28 21:48:43,124  INFO bot_config.check_before_send - checking for the time period,in which messages can be sent to the user 588151081, result: False
2022-08-28 21:48:43,124  INFO bot_config.worker - Kоличество элементов в очереди на прием: 0 
2022-08-28 21:48:58,918  INFO bot_config.bot - bot_has_launched!
2022-08-28 21:49:02,233  INFO bot_config.fsm - Clearing the time limit for sending messages user_id: 588151081
2022-08-28 21:49:17,545  INFO bot_config.fsm - Source subscription: s1,topic t1, user_id: 588151081, subscribe -> message_settings
2022-08-28 21:49:20,685  INFO bot_config.check_before_send - checking user subscriptions 588151081 with incoming message, result: False
2022-08-28 21:49:20,693  INFO bot_config.check_before_send - checking for the time period,in which messages can be sent to the user 588151081, result: True
2022-08-28 21:49:20,693  INFO bot_config.worker - Kоличество элементов в очереди на прием: 0 
2022-08-28 21:49:27,379  INFO bot_config.fsm - Receive messages on user_id: 588151081
2022-08-28 21:49:29,546  INFO bot_config.check_before_send - checking user subscriptions 588151081 with incoming message, result: False
2022-08-28 21:49:29,550  INFO bot_config.check_before_send - checking for the time period,in which messages can be sent to the user 588151081, result: True
2022-08-28 21:49:29,550  INFO bot_config.worker - Kоличество элементов в очереди на прием: 0 
2022-08-28 21:49:31,921  INFO bot_config.check_before_send - checking user subscriptions 588151081 with incoming message, result: False
2022-08-28 21:49:31,925  INFO bot_config.check_before_send - checking for the time period,in which messages can be sent to the user 588151081, result: True
2022-08-28 21:49:31,926  INFO bot_config.worker - Kоличество элементов в очереди на прием: 0 
2022-08-28 21:50:11,995  INFO bot_config.check_before_send - checking user subscriptions 588151081 with incoming message, result: True
2022-08-28 21:50:11,999  INFO bot_config.check_before_send - checking for the time period,in which messages can be sent to the user 588151081, result: True
2022-08-28 21:50:12,179  INFO bot_config.check_before_send - Message s1/t1: SomeMessage 
[2022-08-28 21:50:11.984741]. Send_to_client: William1Blake, user_id: 588151081 
2022-08-28 21:50:12,179  INFO bot_config.worker - Kоличество элементов в очереди на прием: 0 
2022-08-28 21:50:16,432  INFO bot_config.check_before_send - checking user subscriptions 588151081 with incoming message, result: True
2022-08-28 21:50:16,437  INFO bot_config.check_before_send - checking for the time period,in which messages can be sent to the user 588151081, result: True
2022-08-28 21:50:16,538  INFO bot_config.check_before_send - Message s1/t1: SomeMessage 
[2022-08-28 21:50:16.422764]. Send_to_client: William1Blake, user_id: 588151081 
2022-08-28 21:50:16,538  INFO bot_config.worker - Kоличество элементов в очереди на прием: 0 
2022-08-28 21:50:20,055  INFO bot_config.check_before_send - checking user subscriptions 588151081 with incoming message, result: True
2022-08-28 21:50:20,059  INFO bot_config.check_before_send - checking for the time period,in which messages can be sent to the user 588151081, result: True
2022-08-28 21:50:20,224  INFO bot_config.check_before_send - Message s1/t1: SomeMessage 
[2022-08-28 21:50:20.046767]. Send_to_client: William1Blake, user_id: 588151081 
2022-08-28 21:50:20,224  INFO bot_config.worker - Kоличество элементов в очереди на прием: 0 
2022-08-28 21:50:21,179  INFO bot_config.check_before_send - checking user subscriptions 588151081 with incoming message, result: True
2022-08-28 21:50:21,182  INFO bot_config.check_before_send - checking for the time period,in which messages can be sent to the user 588151081, result: True
2022-08-28 21:50:21,268  INFO bot_config.check_before_send - Message s1/t1: SomeMessage 
[2022-08-28 21:50:21.170549]. Send_to_client: William1Blake, user_id: 588151081 
2022-08-28 21:50:21,268  INFO bot_config.worker - Kоличество элементов в очереди на прием: 0 
2022-08-28 21:50:21,897  INFO bot_config.check_before_send - checking user subscriptions 588151081 with incoming message, result: True
2022-08-28 21:50:21,901  INFO bot_config.check_before_send - checking for the time period,in which messages can be sent to the user 588151081, result: True
2022-08-28 21:50:22,016  INFO bot_config.check_before_send - Message s1/t1: SomeMessage 
[2022-08-28 21:50:21.887631]. Send_to_client: William1Blake, user_id: 588151081 
2022-08-28 21:50:22,016  INFO bot_config.worker - Kоличество элементов в очереди на прием: 0 
2022-08-28 21:50:22,575  INFO bot_config.check_before_send - checking user subscriptions 588151081 with incoming message, result: True
2022-08-28 21:50:22,579  INFO bot_config.check_before_send - checking for the time period,in which messages can be sent to the user 588151081, result: True
2022-08-28 21:50:22,704  INFO bot_config.check_before_send - Message s1/t1: SomeMessage 
[2022-08-28 21:50:22.566181]. Send_to_client: William1Blake, user_id: 588151081 
2022-08-28 21:50:22,704  INFO bot_config.worker - Kоличество элементов в очереди на прием: 0 
2022-08-28 21:50:28,538  INFO bot_config.check_before_send - checking user subscriptions 588151081 with incoming message, result: True
2022-08-28 21:50:28,543  INFO bot_config.check_before_send - checking for the time period,in which messages can be sent to the user 588151081, result: False
2022-08-28 21:50:28,553 ERROR bot_config.worker - Worker exception: KeyError 
Traceback (most recent call last):
  File "C:\Users\mcmis\PycharmProjects\Telegram_Bot_Informer_for_public\bot_config\worker.py", line 26, in worker
    check_before_send.checking_telegram_id(topic, source, text, text_to_send, item.time)
  File "C:\Users\mcmis\PycharmProjects\Telegram_Bot_Informer_for_public\bot_config\check_before_send.py", line 42, in checking_telegram_id
    f'{source_topic}, {get_json_localization(message)}{message}: '
  File "C:\Users\mcmis\PycharmProjects\Telegram_Bot_Informer_for_public\bot_config\check_before_send.py", line 14, in get_json_localization
    result = json.load(phrase_file)[key]
KeyError: 'SomeMessage'
2022-08-28 21:50:29,555  INFO bot_config.worker - Kоличество элементов в очереди на прием: 1 
2022-08-28 21:50:29,565  INFO bot_config.check_before_send - checking user subscriptions 588151081 with incoming message, result: True
2022-08-28 21:50:29,569  INFO bot_config.check_before_send - checking for the time period,in which messages can be sent to the user 588151081, result: False
2022-08-28 21:50:29,579 ERROR bot_config.worker - Worker exception: KeyError 
Traceback (most recent call last):
  File "C:\Users\mcmis\PycharmProjects\Telegram_Bot_Informer_for_public\bot_config\worker.py", line 26, in worker
    check_before_send.checking_telegram_id(topic, source, text, text_to_send, item.time)
  File "C:\Users\mcmis\PycharmProjects\Telegram_Bot_Informer_for_public\bot_config\check_before_send.py", line 42, in checking_telegram_id
    f'{source_topic}, {get_json_localization(message)}{message}: '
  File "C:\Users\mcmis\PycharmProjects\Telegram_Bot_Informer_for_public\bot_config\check_before_send.py", line 14, in get_json_localization
    result = json.load(phrase_file)[key]
KeyError: 'SomeMessage'
2022-08-28 21:50:30,580  INFO bot_config.worker - Kоличество элементов в очереди на прием: 0 
2022-08-28 21:50:58,631  INFO __main__ - Shutdown
2022-08-28 21:51:02,062  INFO bot_config.check_before_send - checking user subscriptions 588151081 with incoming message, result: False
2022-08-28 21:51:02,066  INFO bot_config.check_before_send - checking for the time period,in which messages can be sent to the user 588151081, result: False
2022-08-28 21:51:02,067  INFO bot_config.worker - Kоличество элементов в очереди на прием: 0 
2022-08-28 21:51:03,411  INFO bot_config.check_before_send - checking user subscriptions 588151081 with incoming message, result: False
2022-08-28 21:51:03,415  INFO bot_config.check_before_send - checking for the time period,in which messages can be sent to the user 588151081, result: False
2022-08-28 21:51:03,416  INFO bot_config.worker - Kоличество элементов в очереди на прием: 0 
2022-08-28 21:51:04,134  INFO bot_config.check_before_send - checking user subscriptions 588151081 with incoming message, result: False
2022-08-28 21:51:04,138  INFO bot_config.check_before_send - checking for the time period,in which messages can be sent to the user 588151081, result: False
2022-08-28 21:51:04,138  INFO bot_config.worker - Kоличество элементов в очереди на прием: 0 
2022-08-28 21:51:04,738  INFO bot_config.check_before_send - checking user subscriptions 588151081 with incoming message, result: False
2022-08-28 21:51:04,741  INFO bot_config.check_before_send - checking for the time period,in which messages can be sent to the user 588151081, result: False
2022-08-28 21:51:04,741  INFO bot_config.worker - Kоличество элементов в очереди на прием: 0 
2022-08-28 21:51:05,343  INFO bot_config.check_before_send - checking user subscriptions 588151081 with incoming message, result: False
2022-08-28 21:51:05,347  INFO bot_config.check_before_send - checking for the time period,in which messages can be sent to the user 588151081, result: False
2022-08-28 21:51:05,347  INFO bot_config.worker - Kоличество элементов в очереди на прием: 0 
2022-08-28 21:51:05,940  INFO bot_config.check_before_send - checking user subscriptions 588151081 with incoming message, result: False
2022-08-28 21:51:05,943  INFO bot_config.check_before_send - checking for the time period,in which messages can be sent to the user 588151081, result: False
2022-08-28 21:51:05,943  INFO bot_config.worker - Kоличество элементов в очереди на прием: 0 
2022-08-28 21:51:06,487  INFO bot_config.check_before_send - checking user subscriptions 588151081 with incoming message, result: False
2022-08-28 21:51:06,491  INFO bot_config.check_before_send - checking for the time period,in which messages can be sent to the user 588151081, result: False
2022-08-28 21:51:06,492  INFO bot_config.worker - Kоличество элементов в очереди на прием: 0 
2022-08-28 21:51:07,028  INFO bot_config.check_before_send - checking user subscriptions 588151081 with incoming message, result: False
2022-08-28 21:51:07,032  INFO bot_config.check_before_send - checking for the time period,in which messages can be sent to the user 588151081, result: False
2022-08-28 21:51:07,032  INFO bot_config.worker - Kоличество элементов в очереди на прием: 0 
2022-08-28 21:51:07,622  INFO bot_config.check_before_send - checking user subscriptions 588151081 with incoming message, result: False
2022-08-28 21:51:07,626  INFO bot_config.check_before_send - checking for the time period,in which messages can be sent to the user 588151081, result: False
2022-08-28 21:51:07,626  INFO bot_config.worker - Kоличество элементов в очереди на прием: 0 
2022-08-28 21:51:08,185  INFO bot_config.check_before_send - checking user subscriptions 588151081 with incoming message, result: False
2022-08-28 21:51:08,189  INFO bot_config.check_before_send - checking for the time period,in which messages can be sent to the user 588151081, result: False
2022-08-28 21:51:08,189  INFO bot_config.worker - Kоличество элементов в очереди на прием: 0 
2022-08-28 21:51:08,715  INFO bot_config.check_before_send - checking user subscriptions 588151081 with incoming message, result: False
2022-08-28 21:51:08,719  INFO bot_config.check_before_send - checking for the time period,in which messages can be sent to the user 588151081, result: False
2022-08-28 21:51:08,720  INFO bot_config.worker - Kоличество элементов в очереди на прием: 0 
2022-08-28 21:51:09,223  INFO bot_config.check_before_send - checking user subscriptions 588151081 with incoming message, result: False
2022-08-28 21:51:09,227  INFO bot_config.check_before_send - checking for the time period,in which messages can be sent to the user 588151081, result: False
2022-08-28 21:51:09,227  INFO bot_config.worker - Kоличество элементов в очереди на прием: 0 
2022-08-28 21:51:09,760  INFO bot_config.check_before_send - checking user subscriptions 588151081 with incoming message, result: False
2022-08-28 21:51:09,764  INFO bot_config.check_before_send - checking for the time period,in which messages can be sent to the user 588151081, result: False
2022-08-28 21:51:09,765  INFO bot_config.worker - Kоличество элементов в очереди на прием: 0 
2022-08-28 21:51:16,645  INFO bot_config.bot - bot_has_launched!
2022-08-28 21:51:18,944  INFO bot_config.fsm - Clearing the time limit for sending messages user_id: 588151081
2022-08-28 21:51:22,460  INFO bot_config.send_missed_message - Вне периода приема сообщений у вас накопилось 2 сообщений.
Сообщения (источник/тема: список сообщений: время):
 s1/t1: 
1. SomeMessage: 2022-08-28 21:50:29
2. SomeMessage: 2022-08-28 21:50:29

user_id: 588151081
2022-08-28 22:18:13,845  INFO __main__ - Shutdown
2022-08-28 22:18:20,332  INFO bot_config.bot - bot_has_launched!
2022-08-28 22:44:43,635  INFO __main__ - Shutdown
2022-08-28 22:44:47,942  INFO bot_config.check_before_send - checking user subscriptions 588151081 with incoming message, result: False
2022-08-28 22:44:47,945  INFO bot_config.check_before_send - checking for the time period,in which messages can be sent to the user 588151081, result: True
2022-08-28 22:44:47,946  INFO bot_config.worker - Kоличество элементов в очереди на прием: 0 
2022-08-28 22:44:51,145  INFO bot_config.check_before_send - checking user subscriptions 588151081 with incoming message, result: False
2022-08-28 22:44:51,149  INFO bot_config.check_before_send - checking for the time period,in which messages can be sent to the user 588151081, result: True
2022-08-28 22:44:51,149  INFO bot_config.worker - Kоличество элементов в очереди на прием: 0 
2022-08-28 22:44:52,453  INFO bot_config.check_before_send - checking user subscriptions 588151081 with incoming message, result: False
2022-08-28 22:44:52,457  INFO bot_config.check_before_send - checking for the time period,in which messages can be sent to the user 588151081, result: True
2022-08-28 22:44:52,457  INFO bot_config.worker - Kоличество элементов в очереди на прием: 0 
2022-08-28 22:44:54,193  INFO bot_config.check_before_send - checking user subscriptions 588151081 with incoming message, result: False
2022-08-28 22:44:54,197  INFO bot_config.check_before_send - checking for the time period,in which messages can be sent to the user 588151081, result: True
2022-08-28 22:44:54,197  INFO bot_config.worker - Kоличество элементов в очереди на прием: 0 
2022-08-28 22:44:55,002  INFO bot_config.check_before_send - checking user subscriptions 588151081 with incoming message, result: False
2022-08-28 22:44:55,006  INFO bot_config.check_before_send - checking for the time period,in which messages can be sent to the user 588151081, result: True
2022-08-28 22:44:55,006  INFO bot_config.worker - Kоличество элементов в очереди на прием: 0 
2022-08-28 22:44:55,738  INFO bot_config.check_before_send - checking user subscriptions 588151081 with incoming message, result: False
2022-08-28 22:44:55,741  INFO bot_config.check_before_send - checking for the time period,in which messages can be sent to the user 588151081, result: True
2022-08-28 22:44:55,742  INFO bot_config.worker - Kоличество элементов в очереди на прием: 0 
2022-08-28 22:44:56,458  INFO bot_config.check_before_send - checking user subscriptions 588151081 with incoming message, result: False
2022-08-28 22:44:56,461  INFO bot_config.check_before_send - checking for the time period,in which messages can be sent to the user 588151081, result: True
2022-08-28 22:44:56,462  INFO bot_config.worker - Kоличество элементов в очереди на прием: 0 
2022-08-28 22:44:57,156  INFO bot_config.check_before_send - checking user subscriptions 588151081 with incoming message, result: False
2022-08-28 22:44:57,160  INFO bot_config.check_before_send - checking for the time period,in which messages can be sent to the user 588151081, result: True
2022-08-28 22:44:57,160  INFO bot_config.worker - Kоличество элементов в очереди на прием: 0 
2022-08-28 22:44:57,890  INFO bot_config.check_before_send - checking user subscriptions 588151081 with incoming message, result: False
2022-08-28 22:44:57,893  INFO bot_config.check_before_send - checking for the time period,in which messages can be sent to the user 588151081, result: True
2022-08-28 22:44:57,894  INFO bot_config.worker - Kоличество элементов в очереди на прием: 0 
2022-08-28 22:44:58,595  INFO bot_config.check_before_send - checking user subscriptions 588151081 with incoming message, result: False
2022-08-28 22:44:58,599  INFO bot_config.check_before_send - checking for the time period,in which messages can be sent to the user 588151081, result: True
2022-08-28 22:44:58,599  INFO bot_config.worker - Kоличество элементов в очереди на прием: 0 
2022-08-28 22:44:59,243  INFO bot_config.check_before_send - checking user subscriptions 588151081 with incoming message, result: False
2022-08-28 22:44:59,247  INFO bot_config.check_before_send - checking for the time period,in which messages can be sent to the user 588151081, result: True
2022-08-28 22:44:59,247  INFO bot_config.worker - Kоличество элементов в очереди на прием: 0 
2022-08-28 22:45:06,532  INFO bot_config.bot - bot_has_launched!
2022-08-28 22:45:18,397  INFO bot_config.check_before_send - checking user subscriptions 588151081 with incoming message, result: False
2022-08-28 22:45:18,400  INFO bot_config.check_before_send - checking for the time period,in which messages can be sent to the user 588151081, result: True
2022-08-28 22:45:18,401  INFO bot_config.worker - Kоличество элементов в очереди на прием: 0 
2022-08-28 22:45:31,643  INFO bot_config.check_before_send - checking user subscriptions 588151081 with incoming message, result: True
2022-08-28 22:45:31,646  INFO bot_config.check_before_send - checking for the time period,in which messages can be sent to the user 588151081, result: True
2022-08-28 22:45:31,898  INFO bot_config.check_before_send - Message s1/t1: SomeMessage 
[2022-08-28 22:45:31.632922]. Send_to_client: William1Blake, user_id: 588151081 
2022-08-28 22:45:31,898  INFO bot_config.worker - Kоличество элементов в очереди на прием: 0 
2022-08-28 22:45:33,208  INFO bot_config.check_before_send - checking user subscriptions 588151081 with incoming message, result: True
2022-08-28 22:45:33,211  INFO bot_config.check_before_send - checking for the time period,in which messages can be sent to the user 588151081, result: True
2022-08-28 22:45:33,281  INFO bot_config.check_before_send - Message s1/t1: SomeMessage 
[2022-08-28 22:45:33.198087]. Send_to_client: William1Blake, user_id: 588151081 
2022-08-28 22:45:33,282  INFO bot_config.worker - Kоличество элементов в очереди на прием: 0 
2022-08-28 22:45:35,285  INFO bot_config.check_before_send - checking user subscriptions 588151081 with incoming message, result: True
2022-08-28 22:45:35,288  INFO bot_config.check_before_send - checking for the time period,in which messages can be sent to the user 588151081, result: True
2022-08-28 22:45:35,360  INFO bot_config.check_before_send - Message s1/t1: SomeMessage 
[2022-08-28 22:45:35.275547]. Send_to_client: William1Blake, user_id: 588151081 
2022-08-28 22:45:35,361  INFO bot_config.worker - Kоличество элементов в очереди на прием: 0 
2022-08-28 22:45:41,907  INFO bot_config.check_before_send - checking user subscriptions 588151081 with incoming message, result: True
2022-08-28 22:45:41,911  INFO bot_config.check_before_send - checking for the time period,in which messages can be sent to the user 588151081, result: False
2022-08-28 22:45:41,922 ERROR bot_config.worker - Worker exception: KeyError 
Traceback (most recent call last):
  File "C:\Users\mcmis\PycharmProjects\Telegram_Bot_Informer_for_public\bot_config\worker.py", line 26, in worker
    check_before_send.checking_telegram_id(topic, source, text, text_to_send, item.time)
  File "C:\Users\mcmis\PycharmProjects\Telegram_Bot_Informer_for_public\bot_config\check_before_send.py", line 42, in checking_telegram_id
    f'{source_topic}, {get_json_localization(message)}{message}: '
  File "C:\Users\mcmis\PycharmProjects\Telegram_Bot_Informer_for_public\bot_config\check_before_send.py", line 14, in get_json_localization
    result = json.load(phrase_file)[key]
KeyError: 'SomeMessage'
2022-08-28 22:45:42,923  INFO bot_config.worker - Kоличество элементов в очереди на прием: 0 
2022-08-28 22:48:53,151  INFO __main__ - Shutdown
2022-08-28 22:49:00,453  INFO bot_config.check_before_send - checking user subscriptions 588151081 with incoming message, result: True
2022-08-28 22:49:00,456  INFO bot_config.check_before_send - checking for the time period,in which messages can be sent to the user 588151081, result: False
2022-08-28 22:49:00,467 ERROR bot_config.worker - Worker exception: KeyError 
Traceback (most recent call last):
  File "C:\Users\mcmis\PycharmProjects\Telegram_Bot_Informer_for_public\bot_config\worker.py", line 26, in worker
    check_before_send.checking_telegram_id(topic, source, text, text_to_send, item.time)
  File "C:\Users\mcmis\PycharmProjects\Telegram_Bot_Informer_for_public\bot_config\check_before_send.py", line 42, in checking_telegram_id
    f'{source_topic}, {get_json_localization(message)}{message}: '
  File "C:\Users\mcmis\PycharmProjects\Telegram_Bot_Informer_for_public\bot_config\check_before_send.py", line 14, in get_json_localization
    result = json.load(phrase_file)[key]
KeyError: 'SomeMessage'
2022-08-28 22:49:01,469  INFO bot_config.worker - Kоличество элементов в очереди на прием: 0 
2022-08-28 22:49:02,031  INFO bot_config.check_before_send - checking user subscriptions 588151081 with incoming message, result: True
2022-08-28 22:49:02,034  INFO bot_config.check_before_send - checking for the time period,in which messages can be sent to the user 588151081, result: False
2022-08-28 22:49:02,044 ERROR bot_config.worker - Worker exception: KeyError 
Traceback (most recent call last):
  File "C:\Users\mcmis\PycharmProjects\Telegram_Bot_Informer_for_public\bot_config\worker.py", line 26, in worker
    check_before_send.checking_telegram_id(topic, source, text, text_to_send, item.time)
  File "C:\Users\mcmis\PycharmProjects\Telegram_Bot_Informer_for_public\bot_config\check_before_send.py", line 42, in checking_telegram_id
    f'{source_topic}, {get_json_localization(message)}{message}: '
  File "C:\Users\mcmis\PycharmProjects\Telegram_Bot_Informer_for_public\bot_config\check_before_send.py", line 14, in get_json_localization
    result = json.load(phrase_file)[key]
KeyError: 'SomeMessage'
2022-08-28 22:49:03,047  INFO bot_config.worker - Kоличество элементов в очереди на прием: 0 
2022-08-28 22:49:29,058  INFO __main__ - Shutdown
2022-08-28 22:49:32,682  INFO bot_config.check_before_send - checking user subscriptions 588151081 with incoming message, result: True
2022-08-28 22:49:32,686  INFO bot_config.check_before_send - checking for the time period,in which messages can be sent to the user 588151081, result: False
2022-08-28 22:49:32,693  INFO bot_config.check_before_send - Write missed message due to time limit: source/topic:s1/t1, MessageSomeMessage: Time2022-08-28 22:49:32.670894 user_id
2022-08-28 22:49:32,693  INFO bot_config.worker - Kоличество элементов в очереди на прием: 0 
2022-08-28 22:49:38,357  INFO bot_config.check_before_send - checking user subscriptions 588151081 with incoming message, result: True
2022-08-28 22:49:38,361  INFO bot_config.check_before_send - checking for the time period,in which messages can be sent to the user 588151081, result: False
2022-08-28 22:49:38,367  INFO bot_config.check_before_send - Write missed message due to time limit: source/topic:s1/t1, MessageSomeMessage: Time2022-08-28 22:49:38.347708 user_id
2022-08-28 22:49:38,367  INFO bot_config.worker - Kоличество элементов в очереди на прием: 0 
2022-08-28 22:49:39,379  INFO bot_config.check_before_send - checking user subscriptions 588151081 with incoming message, result: True
2022-08-28 22:49:39,383  INFO bot_config.check_before_send - checking for the time period,in which messages can be sent to the user 588151081, result: False
2022-08-28 22:49:39,389  INFO bot_config.check_before_send - Write missed message due to time limit: source/topic:s1/t1, MessageSomeMessage: Time2022-08-28 22:49:39.369973 user_id
2022-08-28 22:49:39,390  INFO bot_config.worker - Kоличество элементов в очереди на прием: 0 
2022-08-28 22:49:40,178  INFO bot_config.check_before_send - checking user subscriptions 588151081 with incoming message, result: True
2022-08-28 22:49:40,182  INFO bot_config.check_before_send - checking for the time period,in which messages can be sent to the user 588151081, result: False
2022-08-28 22:49:40,192  INFO bot_config.check_before_send - Write missed message due to time limit: source/topic:s1/t1, MessageSomeMessage: Time2022-08-28 22:49:40.169833 user_id
2022-08-28 22:49:40,193  INFO bot_config.worker - Kоличество элементов в очереди на прием: 0 
2022-08-28 22:49:40,853  INFO bot_config.check_before_send - checking user subscriptions 588151081 with incoming message, result: True
2022-08-28 22:49:40,856  INFO bot_config.check_before_send - checking for the time period,in which messages can be sent to the user 588151081, result: False
2022-08-28 22:49:40,862  INFO bot_config.check_before_send - Write missed message due to time limit: source/topic:s1/t1, MessageSomeMessage: Time2022-08-28 22:49:40.843033 user_id
2022-08-28 22:49:40,862  INFO bot_config.worker - Kоличество элементов в очереди на прием: 0 
2022-08-28 22:49:41,479  INFO bot_config.check_before_send - checking user subscriptions 588151081 with incoming message, result: True
2022-08-28 22:49:41,483  INFO bot_config.check_before_send - checking for the time period,in which messages can be sent to the user 588151081, result: False
2022-08-28 22:49:41,494  INFO bot_config.check_before_send - Write missed message due to time limit: source/topic:s1/t1, MessageSomeMessage: Time2022-08-28 22:49:41.469357 user_id
2022-08-28 22:49:41,494  INFO bot_config.worker - Kоличество элементов в очереди на прием: 0 
2022-08-28 22:49:42,082  INFO bot_config.check_before_send - checking user subscriptions 588151081 with incoming message, result: True
2022-08-28 22:49:42,086  INFO bot_config.check_before_send - checking for the time period,in which messages can be sent to the user 588151081, result: False
2022-08-28 22:49:42,092  INFO bot_config.check_before_send - Write missed message due to time limit: source/topic:s1/t1, MessageSomeMessage: Time2022-08-28 22:49:42.072743 user_id
2022-08-28 22:49:42,092  INFO bot_config.worker - Kоличество элементов в очереди на прием: 0 
2022-08-28 22:49:42,632  INFO bot_config.check_before_send - checking user subscriptions 588151081 with incoming message, result: True
2022-08-28 22:49:42,636  INFO bot_config.check_before_send - checking for the time period,in which messages can be sent to the user 588151081, result: False
2022-08-28 22:49:42,642  INFO bot_config.check_before_send - Write missed message due to time limit: source/topic:s1/t1, MessageSomeMessage: Time2022-08-28 22:49:42.622273 user_id
2022-08-28 22:49:42,642  INFO bot_config.worker - Kоличество элементов в очереди на прием: 0 
2022-08-28 22:49:43,098  INFO bot_config.check_before_send - checking user subscriptions 588151081 with incoming message, result: True
2022-08-28 22:49:43,101  INFO bot_config.check_before_send - checking for the time period,in which messages can be sent to the user 588151081, result: False
2022-08-28 22:49:43,111  INFO bot_config.check_before_send - Write missed message due to time limit: source/topic:s1/t1, MessageSomeMessage: Time2022-08-28 22:49:43.089051 user_id
2022-08-28 22:49:43,111  INFO bot_config.worker - Kоличество элементов в очереди на прием: 0 
2022-08-28 22:49:43,637  INFO bot_config.check_before_send - checking user subscriptions 588151081 with incoming message, result: True
2022-08-28 22:49:43,641  INFO bot_config.check_before_send - checking for the time period,in which messages can be sent to the user 588151081, result: False
2022-08-28 22:49:43,647  INFO bot_config.check_before_send - Write missed message due to time limit: source/topic:s1/t1, MessageSomeMessage: Time2022-08-28 22:49:43.628581 user_id
2022-08-28 22:49:43,647  INFO bot_config.worker - Kоличество элементов в очереди на прием: 0 
2022-08-28 22:49:50,001  INFO bot_config.bot - bot_has_launched!
2022-08-28 22:49:52,888  INFO bot_config.fsm - Clearing the time limit for sending messages user_id: 588151081
2022-08-28 22:49:52,956 ERROR bot_config.send_missed_message - Smm exception: KeyError 
Traceback (most recent call last):
  File "C:\Users\mcmis\PycharmProjects\Telegram_Bot_Informer_for_public\bot_config\send_missed_message.py", line 31, in check_missed_message_in_time_period_infinite
    self.check_missed_message_in_time_period(dtnow)
  File "C:\Users\mcmis\PycharmProjects\Telegram_Bot_Informer_for_public\bot_config\send_missed_message.py", line 49, in check_missed_message_in_time_period
    send_message = (f'{get_json_localization("missed messages accumulated")}'
  File "C:\Users\mcmis\PycharmProjects\Telegram_Bot_Informer_for_public\bot_config\send_missed_message.py", line 13, in get_json_localization
    result = json.load(phrase_file)[key]
KeyError: 'missed messages accumulated'
2022-08-28 22:50:25,183  INFO __main__ - Shutdown
2022-08-28 22:50:28,725  INFO bot_config.check_before_send - checking user subscriptions 588151081 with incoming message, result: True
2022-08-28 22:50:28,729  INFO bot_config.check_before_send - checking for the time period,in which messages can be sent to the user 588151081, result: True
2022-08-28 22:50:28,919  INFO bot_config.check_before_send - Message s1/t1: SomeMessage 
[2022-08-28 22:50:28.715965]. Send_to_client: William1Blake, user_id: 588151081 
2022-08-28 22:50:28,919  INFO bot_config.worker - Kоличество элементов в очереди на прием: 0 
2022-08-28 22:50:31,133  INFO bot_config.check_before_send - checking user subscriptions 588151081 with incoming message, result: True
2022-08-28 22:50:31,137  INFO bot_config.check_before_send - checking for the time period,in which messages can be sent to the user 588151081, result: True
2022-08-28 22:50:31,219  INFO bot_config.check_before_send - Message s1/t1: SomeMessage 
[2022-08-28 22:50:31.124432]. Send_to_client: William1Blake, user_id: 588151081 
2022-08-28 22:50:31,219  INFO bot_config.worker - Kоличество элементов в очереди на прием: 0 
2022-08-28 22:50:31,857  INFO bot_config.check_before_send - checking user subscriptions 588151081 with incoming message, result: True
2022-08-28 22:50:31,861  INFO bot_config.check_before_send - checking for the time period,in which messages can be sent to the user 588151081, result: True
2022-08-28 22:50:31,938  INFO bot_config.check_before_send - Message s1/t1: SomeMessage 
[2022-08-28 22:50:31.847501]. Send_to_client: William1Blake, user_id: 588151081 
2022-08-28 22:50:31,938  INFO bot_config.worker - Kоличество элементов в очереди на прием: 0 
2022-08-28 22:50:32,472  INFO bot_config.check_before_send - checking user subscriptions 588151081 with incoming message, result: True
2022-08-28 22:50:32,476  INFO bot_config.check_before_send - checking for the time period,in which messages can be sent to the user 588151081, result: True
2022-08-28 22:50:32,569  INFO bot_config.check_before_send - Message s1/t1: SomeMessage 
[2022-08-28 22:50:32.462351]. Send_to_client: William1Blake, user_id: 588151081 
2022-08-28 22:50:32,569  INFO bot_config.worker - Kоличество элементов в очереди на прием: 0 
2022-08-28 22:50:33,002  INFO bot_config.check_before_send - checking user subscriptions 588151081 with incoming message, result: True
2022-08-28 22:50:33,006  INFO bot_config.check_before_send - checking for the time period,in which messages can be sent to the user 588151081, result: True
2022-08-28 22:50:33,088  INFO bot_config.check_before_send - Message s1/t1: SomeMessage 
[2022-08-28 22:50:32.993448]. Send_to_client: William1Blake, user_id: 588151081 
2022-08-28 22:50:33,088  INFO bot_config.worker - Kоличество элементов в очереди на прием: 0 
2022-08-28 22:50:33,563  INFO bot_config.check_before_send - checking user subscriptions 588151081 with incoming message, result: True
2022-08-28 22:50:33,566  INFO bot_config.check_before_send - checking for the time period,in which messages can be sent to the user 588151081, result: True
2022-08-28 22:50:33,672  INFO bot_config.check_before_send - Message s1/t1: SomeMessage 
[2022-08-28 22:50:33.554270]. Send_to_client: William1Blake, user_id: 588151081 
2022-08-28 22:50:33,672  INFO bot_config.worker - Kоличество элементов в очереди на прием: 0 
2022-08-28 22:50:46,620  INFO bot_config.bot - bot_has_launched!
2022-08-28 22:50:54,845  INFO bot_config.check_before_send - checking user subscriptions 588151081 with incoming message, result: False
2022-08-28 22:50:54,849  INFO bot_config.check_before_send - checking for the time period,in which messages can be sent to the user 588151081, result: False
2022-08-28 22:50:54,849  INFO bot_config.worker - Kоличество элементов в очереди на прием: 0 
2022-08-28 22:50:56,079  INFO bot_config.check_before_send - checking user subscriptions 588151081 with incoming message, result: False
2022-08-28 22:50:56,083  INFO bot_config.check_before_send - checking for the time period,in which messages can be sent to the user 588151081, result: False
2022-08-28 22:50:56,083  INFO bot_config.worker - Kоличество элементов в очереди на прием: 0 
2022-08-28 22:50:56,825  INFO bot_config.check_before_send - checking user subscriptions 588151081 with incoming message, result: False
2022-08-28 22:50:56,828  INFO bot_config.check_before_send - checking for the time period,in which messages can be sent to the user 588151081, result: False
2022-08-28 22:50:56,828  INFO bot_config.worker - Kоличество элементов в очереди на прием: 0 
2022-08-28 22:50:57,364  INFO bot_config.check_before_send - checking user subscriptions 588151081 with incoming message, result: False
2022-08-28 22:50:57,368  INFO bot_config.check_before_send - checking for the time period,in which messages can be sent to the user 588151081, result: False
2022-08-28 22:50:57,368  INFO bot_config.worker - Kоличество элементов в очереди на прием: 0 
2022-08-28 22:50:57,830  INFO bot_config.check_before_send - checking user subscriptions 588151081 with incoming message, result: False
2022-08-28 22:50:57,834  INFO bot_config.check_before_send - checking for the time period,in which messages can be sent to the user 588151081, result: False
2022-08-28 22:50:57,835  INFO bot_config.worker - Kоличество элементов в очереди на прием: 0 
2022-08-28 22:50:58,240  INFO bot_config.check_before_send - checking user subscriptions 588151081 with incoming message, result: False
2022-08-28 22:50:58,244  INFO bot_config.check_before_send - checking for the time period,in which messages can be sent to the user 588151081, result: False
2022-08-28 22:50:58,244  INFO bot_config.worker - Kоличество элементов в очереди на прием: 0 
2022-08-28 22:50:58,574  INFO bot_config.check_before_send - checking user subscriptions 588151081 with incoming message, result: False
2022-08-28 22:50:58,578  INFO bot_config.check_before_send - checking for the time period,in which messages can be sent to the user 588151081, result: False
2022-08-28 22:50:58,578  INFO bot_config.worker - Kоличество элементов в очереди на прием: 0 
2022-08-28 22:50:58,951  INFO bot_config.check_before_send - checking user subscriptions 588151081 with incoming message, result: False
2022-08-28 22:50:58,955  INFO bot_config.check_before_send - checking for the time period,in which messages can be sent to the user 588151081, result: False
2022-08-28 22:50:58,955  INFO bot_config.worker - Kоличество элементов в очереди на прием: 0 
2022-08-28 22:50:59,428  INFO bot_config.check_before_send - checking user subscriptions 588151081 with incoming message, result: False
2022-08-28 22:50:59,432  INFO bot_config.check_before_send - checking for the time period,in which messages can be sent to the user 588151081, result: False
2022-08-28 22:50:59,433  INFO bot_config.worker - Kоличество элементов в очереди на прием: 0 
2022-08-28 22:50:59,817  INFO bot_config.check_before_send - checking user subscriptions 588151081 with incoming message, result: False
2022-08-28 22:50:59,821  INFO bot_config.check_before_send - checking for the time period,in which messages can be sent to the user 588151081, result: False
2022-08-28 22:50:59,822  INFO bot_config.worker - Kоличество элементов в очереди на прием: 0 
2022-08-28 22:51:00,262  INFO bot_config.check_before_send - checking user subscriptions 588151081 with incoming message, result: False
2022-08-28 22:51:00,266  INFO bot_config.check_before_send - checking for the time period,in which messages can be sent to the user 588151081, result: False
2022-08-28 22:51:00,266  INFO bot_config.worker - Kоличество элементов в очереди на прием: 0 
2022-08-28 22:51:00,813  INFO bot_config.check_before_send - checking user subscriptions 588151081 with incoming message, result: False
2022-08-28 22:51:00,816  INFO bot_config.check_before_send - checking for the time period,in which messages can be sent to the user 588151081, result: False
2022-08-28 22:51:00,817  INFO bot_config.worker - Kоличество элементов в очереди на прием: 0 
2022-08-28 22:51:01,231  INFO bot_config.check_before_send - checking user subscriptions 588151081 with incoming message, result: False
2022-08-28 22:51:01,235  INFO bot_config.check_before_send - checking for the time period,in which messages can be sent to the user 588151081, result: False
2022-08-28 22:51:01,235  INFO bot_config.worker - Kоличество элементов в очереди на прием: 0 
2022-08-28 22:51:01,672  INFO bot_config.check_before_send - checking user subscriptions 588151081 with incoming message, result: False
2022-08-28 22:51:01,675  INFO bot_config.check_before_send - checking for the time period,in which messages can be sent to the user 588151081, result: False
2022-08-28 22:51:01,676  INFO bot_config.worker - Kоличество элементов в очереди на прием: 0 
2022-08-28 22:51:02,102  INFO bot_config.check_before_send - checking user subscriptions 588151081 with incoming message, result: False
2022-08-28 22:51:02,106  INFO bot_config.check_before_send - checking for the time period,in which messages can be sent to the user 588151081, result: False
2022-08-28 22:51:02,106  INFO bot_config.worker - Kоличество элементов в очереди на прием: 0 
2022-08-28 22:51:02,538  INFO bot_config.check_before_send - checking user subscriptions 588151081 with incoming message, result: False
2022-08-28 22:51:02,542  INFO bot_config.check_before_send - checking for the time period,in which messages can be sent to the user 588151081, result: False
2022-08-28 22:51:02,543  INFO bot_config.worker - Kоличество элементов в очереди на прием: 0 
2022-08-28 22:51:02,959  INFO bot_config.check_before_send - checking user subscriptions 588151081 with incoming message, result: False
2022-08-28 22:51:02,963  INFO bot_config.check_before_send - checking for the time period,in which messages can be sent to the user 588151081, result: False
2022-08-28 22:51:02,963  INFO bot_config.worker - Kоличество элементов в очереди на прием: 0 
2022-08-28 22:51:03,375  INFO bot_config.check_before_send - checking user subscriptions 588151081 with incoming message, result: False
2022-08-28 22:51:03,379  INFO bot_config.check_before_send - checking for the time period,in which messages can be sent to the user 588151081, result: False
2022-08-28 22:51:03,380  INFO bot_config.worker - Kоличество элементов в очереди на прием: 0 
2022-08-28 22:51:03,828  INFO bot_config.check_before_send - checking user subscriptions 588151081 with incoming message, result: False
2022-08-28 22:51:03,832  INFO bot_config.check_before_send - checking for the time period,in which messages can be sent to the user 588151081, result: False
2022-08-28 22:51:03,832  INFO bot_config.worker - Kоличество элементов в очереди на прием: 0 
2022-08-28 22:51:04,296  INFO bot_config.check_before_send - checking user subscriptions 588151081 with incoming message, result: False
2022-08-28 22:51:04,300  INFO bot_config.check_before_send - checking for the time period,in which messages can be sent to the user 588151081, result: False
2022-08-28 22:51:04,300  INFO bot_config.worker - Kоличество элементов в очереди на прием: 0 
2022-08-28 22:51:04,690  INFO bot_config.check_before_send - checking user subscriptions 588151081 with incoming message, result: False
2022-08-28 22:51:04,694  INFO bot_config.check_before_send - checking for the time period,in which messages can be sent to the user 588151081, result: False
2022-08-28 22:51:04,694  INFO bot_config.worker - Kоличество элементов в очереди на прием: 0 
2022-08-28 22:51:05,159  INFO bot_config.check_before_send - checking user subscriptions 588151081 with incoming message, result: False
2022-08-28 22:51:05,163  INFO bot_config.check_before_send - checking for the time period,in which messages can be sent to the user 588151081, result: False
2022-08-28 22:51:05,163  INFO bot_config.worker - Kоличество элементов в очереди на прием: 0 
2022-08-28 22:51:05,653  INFO bot_config.check_before_send - checking user subscriptions 588151081 with incoming message, result: False
2022-08-28 22:51:05,657  INFO bot_config.check_before_send - checking for the time period,in which messages can be sent to the user 588151081, result: False
2022-08-28 22:51:05,657  INFO bot_config.worker - Kоличество элементов в очереди на прием: 0 
2022-08-28 22:51:06,151  INFO bot_config.check_before_send - checking user subscriptions 588151081 with incoming message, result: False
2022-08-28 22:51:06,155  INFO bot_config.check_before_send - checking for the time period,in which messages can be sent to the user 588151081, result: False
2022-08-28 22:51:06,155  INFO bot_config.worker - Kоличество элементов в очереди на прием: 0 
2022-08-28 22:51:06,570  INFO bot_config.check_before_send - checking user subscriptions 588151081 with incoming message, result: False
2022-08-28 22:51:06,574  INFO bot_config.check_before_send - checking for the time period,in which messages can be sent to the user 588151081, result: False
2022-08-28 22:51:06,574  INFO bot_config.worker - Kоличество элементов в очереди на прием: 0 
2022-08-28 22:51:07,101  INFO bot_config.check_before_send - checking user subscriptions 588151081 with incoming message, result: False
2022-08-28 22:51:07,104  INFO bot_config.check_before_send - checking for the time period,in which messages can be sent to the user 588151081, result: False
2022-08-28 22:51:07,105  INFO bot_config.worker - Kоличество элементов в очереди на прием: 0 
2022-08-28 22:51:07,585  INFO bot_config.check_before_send - checking user subscriptions 588151081 with incoming message, result: False
2022-08-28 22:51:07,588  INFO bot_config.check_before_send - checking for the time period,in which messages can be sent to the user 588151081, result: False
2022-08-28 22:51:07,589  INFO bot_config.worker - Kоличество элементов в очереди на прием: 0 
2022-08-28 22:51:08,063  INFO bot_config.check_before_send - checking user subscriptions 588151081 with incoming message, result: False
2022-08-28 22:51:08,067  INFO bot_config.check_before_send - checking for the time period,in which messages can be sent to the user 588151081, result: False
2022-08-28 22:51:08,067  INFO bot_config.worker - Kоличество элементов в очереди на прием: 0 
2022-08-28 22:51:08,571  INFO bot_config.check_before_send - checking user subscriptions 588151081 with incoming message, result: False
2022-08-28 22:51:08,574  INFO bot_config.check_before_send - checking for the time period,in which messages can be sent to the user 588151081, result: False
2022-08-28 22:51:08,574  INFO bot_config.worker - Kоличество элементов в очереди на прием: 0 
2022-08-28 22:51:09,082  INFO bot_config.check_before_send - checking user subscriptions 588151081 with incoming message, result: False
2022-08-28 22:51:09,086  INFO bot_config.check_before_send - checking for the time period,in which messages can be sent to the user 588151081, result: False
2022-08-28 22:51:09,086  INFO bot_config.worker - Kоличество элементов в очереди на прием: 0 
2022-08-28 22:51:09,578  INFO bot_config.check_before_send - checking user subscriptions 588151081 with incoming message, result: False
2022-08-28 22:51:09,582  INFO bot_config.check_before_send - checking for the time period,in which messages can be sent to the user 588151081, result: False
2022-08-28 22:51:09,583  INFO bot_config.worker - Kоличество элементов в очереди на прием: 0 
2022-08-28 22:51:10,096  INFO bot_config.check_before_send - checking user subscriptions 588151081 with incoming message, result: False
2022-08-28 22:51:10,101  INFO bot_config.check_before_send - checking for the time period,in which messages can be sent to the user 588151081, result: False
2022-08-28 22:51:10,101  INFO bot_config.worker - Kоличество элементов в очереди на прием: 0 
2022-08-28 22:51:16,690  INFO bot_config.fsm - Clearing the time limit for sending messages user_id: 588151081
2022-08-28 22:51:47,686  INFO bot_config.check_before_send - checking user subscriptions 588151081 with incoming message, result: False
2022-08-28 22:51:47,690  INFO bot_config.check_before_send - checking for the time period,in which messages can be sent to the user 588151081, result: True
2022-08-28 22:51:47,691  INFO bot_config.worker - Kоличество элементов в очереди на прием: 0 
2022-08-28 22:51:48,907  INFO bot_config.check_before_send - checking user subscriptions 588151081 with incoming message, result: False
2022-08-28 22:51:48,911  INFO bot_config.check_before_send - checking for the time period,in which messages can be sent to the user 588151081, result: True
2022-08-28 22:51:48,911  INFO bot_config.worker - Kоличество элементов в очереди на прием: 0 
2022-08-28 22:51:53,509  INFO bot_config.check_before_send - checking user subscriptions 588151081 with incoming message, result: False
2022-08-28 22:51:53,514  INFO bot_config.check_before_send - checking for the time period,in which messages can be sent to the user 588151081, result: True
2022-08-28 22:51:53,514  INFO bot_config.worker - Kоличество элементов в очереди на прием: 0 
2022-08-28 22:52:00,910 ERROR root - bot_send_message: You have entered an invalid value !!! Error !, user_id: 588151081
2022-08-28 22:52:23,179  INFO bot_config.check_before_send - checking user subscriptions 588151081 with incoming message, result: True
2022-08-28 22:52:23,183  INFO bot_config.check_before_send - checking for the time period,in which messages can be sent to the user 588151081, result: False
2022-08-28 22:52:23,189  INFO bot_config.check_before_send - Write missed message due to time limit: source/topic:s1/t1, MessageSomeMessage: Time2022-08-28 22:52:23.169830 user_id
2022-08-28 22:52:23,190  INFO bot_config.worker - Kоличество элементов в очереди на прием: 0 
2022-08-28 22:52:24,230  INFO bot_config.check_before_send - checking user subscriptions 588151081 with incoming message, result: True
2022-08-28 22:52:24,234  INFO bot_config.check_before_send - checking for the time period,in which messages can be sent to the user 588151081, result: False
2022-08-28 22:52:24,241  INFO bot_config.check_before_send - Write missed message due to time limit: source/topic:s1/t1, MessageSomeMessage: Time2022-08-28 22:52:24.221018 user_id
2022-08-28 22:52:24,241  INFO bot_config.worker - Kоличество элементов в очереди на прием: 0 
2022-08-28 22:52:24,934  INFO bot_config.check_before_send - checking user subscriptions 588151081 with incoming message, result: True
2022-08-28 22:52:24,938  INFO bot_config.check_before_send - checking for the time period,in which messages can be sent to the user 588151081, result: False
2022-08-28 22:52:24,949  INFO bot_config.check_before_send - Write missed message due to time limit: source/topic:s1/t1, MessageSomeMessage: Time2022-08-28 22:52:24.925162 user_id
2022-08-28 22:52:24,949  INFO bot_config.worker - Kоличество элементов в очереди на прием: 0 
2022-08-28 22:52:25,514  INFO bot_config.check_before_send - checking user subscriptions 588151081 with incoming message, result: True
2022-08-28 22:52:25,518  INFO bot_config.check_before_send - checking for the time period,in which messages can be sent to the user 588151081, result: False
2022-08-28 22:52:25,528  INFO bot_config.check_before_send - Write missed message due to time limit: source/topic:s1/t1, MessageSomeMessage: Time2022-08-28 22:52:25.505581 user_id
2022-08-28 22:52:25,529  INFO bot_config.worker - Kоличество элементов в очереди на прием: 0 
2022-08-28 22:52:26,132  INFO bot_config.check_before_send - checking user subscriptions 588151081 with incoming message, result: True
2022-08-28 22:52:26,135  INFO bot_config.check_before_send - checking for the time period,in which messages can be sent to the user 588151081, result: False
2022-08-28 22:52:26,141  INFO bot_config.check_before_send - Write missed message due to time limit: source/topic:s1/t1, MessageSomeMessage: Time2022-08-28 22:52:26.122930 user_id
2022-08-28 22:52:26,142  INFO bot_config.worker - Kоличество элементов в очереди на прием: 0 
2022-08-28 22:52:26,846  INFO bot_config.check_before_send - checking user subscriptions 588151081 with incoming message, result: True
2022-08-28 22:52:26,849  INFO bot_config.check_before_send - checking for the time period,in which messages can be sent to the user 588151081, result: False
2022-08-28 22:52:26,859  INFO bot_config.check_before_send - Write missed message due to time limit: source/topic:s1/t1, MessageSomeMessage: Time2022-08-28 22:52:26.835024 user_id
2022-08-28 22:52:26,860  INFO bot_config.worker - Kоличество элементов в очереди на прием: 0 
2022-08-28 22:52:27,495  INFO bot_config.check_before_send - checking user subscriptions 588151081 with incoming message, result: True
2022-08-28 22:52:27,498  INFO bot_config.check_before_send - checking for the time period,in which messages can be sent to the user 588151081, result: False
2022-08-28 22:52:27,508  INFO bot_config.check_before_send - Write missed message due to time limit: source/topic:s1/t1, MessageSomeMessage: Time2022-08-28 22:52:27.483307 user_id
2022-08-28 22:52:27,509  INFO bot_config.worker - Kоличество элементов в очереди на прием: 0 
2022-08-28 22:52:28,104  INFO bot_config.check_before_send - checking user subscriptions 588151081 with incoming message, result: True
2022-08-28 22:52:28,108  INFO bot_config.check_before_send - checking for the time period,in which messages can be sent to the user 588151081, result: False
2022-08-28 22:52:28,118  INFO bot_config.check_before_send - Write missed message due to time limit: source/topic:s1/t1, MessageSomeMessage: Time2022-08-28 22:52:28.095653 user_id
2022-08-28 22:52:28,118  INFO bot_config.worker - Kоличество элементов в очереди на прием: 0 
2022-08-28 22:52:28,772  INFO bot_config.check_before_send - checking user subscriptions 588151081 with incoming message, result: True
2022-08-28 22:52:28,776  INFO bot_config.check_before_send - checking for the time period,in which messages can be sent to the user 588151081, result: False
2022-08-28 22:52:28,787  INFO bot_config.check_before_send - Write missed message due to time limit: source/topic:s1/t1, MessageSomeMessage: Time2022-08-28 22:52:28.762868 user_id
2022-08-28 22:52:28,787  INFO bot_config.worker - Kоличество элементов в очереди на прием: 0 
2022-08-28 22:52:29,442  INFO bot_config.check_before_send - checking user subscriptions 588151081 with incoming message, result: True
2022-08-28 22:52:29,445  INFO bot_config.check_before_send - checking for the time period,in which messages can be sent to the user 588151081, result: False
2022-08-28 22:52:29,456  INFO bot_config.check_before_send - Write missed message due to time limit: source/topic:s1/t1, MessageSomeMessage: Time2022-08-28 22:52:29.432077 user_id
2022-08-28 22:52:29,456  INFO bot_config.worker - Kоличество элементов в очереди на прием: 0 
2022-08-28 22:52:30,110  INFO bot_config.check_before_send - checking user subscriptions 588151081 with incoming message, result: True
2022-08-28 22:52:30,113  INFO bot_config.check_before_send - checking for the time period,in which messages can be sent to the user 588151081, result: False
2022-08-28 22:52:30,123  INFO bot_config.check_before_send - Write missed message due to time limit: source/topic:s1/t1, MessageSomeMessage: Time2022-08-28 22:52:30.101288 user_id
2022-08-28 22:52:30,124  INFO bot_config.worker - Kоличество элементов в очереди на прием: 0 
2022-08-28 22:52:30,685  INFO bot_config.check_before_send - checking user subscriptions 588151081 with incoming message, result: True
2022-08-28 22:52:30,688  INFO bot_config.check_before_send - checking for the time period,in which messages can be sent to the user 588151081, result: False
2022-08-28 22:52:30,698  INFO bot_config.check_before_send - Write missed message due to time limit: source/topic:s1/t1, MessageSomeMessage: Time2022-08-28 22:52:30.675750 user_id
2022-08-28 22:52:30,699  INFO bot_config.worker - Kоличество элементов в очереди на прием: 0 
2022-08-28 22:52:31,340  INFO bot_config.check_before_send - checking user subscriptions 588151081 with incoming message, result: True
2022-08-28 22:52:31,344  INFO bot_config.check_before_send - checking for the time period,in which messages can be sent to the user 588151081, result: False
2022-08-28 22:52:31,350  INFO bot_config.check_before_send - Write missed message due to time limit: source/topic:s1/t1, MessageSomeMessage: Time2022-08-28 22:52:31.331995 user_id
2022-08-28 22:52:31,350  INFO bot_config.worker - Kоличество элементов в очереди на прием: 0 
2022-08-28 22:52:31,925  INFO bot_config.check_before_send - checking user subscriptions 588151081 with incoming message, result: True
2022-08-28 22:52:31,929  INFO bot_config.check_before_send - checking for the time period,in which messages can be sent to the user 588151081, result: False
2022-08-28 22:52:31,935  INFO bot_config.check_before_send - Write missed message due to time limit: source/topic:s1/t1, MessageSomeMessage: Time2022-08-28 22:52:31.916431 user_id
2022-08-28 22:52:31,935  INFO bot_config.worker - Kоличество элементов в очереди на прием: 0 
2022-08-28 22:52:32,530  INFO bot_config.check_before_send - checking user subscriptions 588151081 with incoming message, result: True
2022-08-28 22:52:32,534  INFO bot_config.check_before_send - checking for the time period,in which messages can be sent to the user 588151081, result: False
2022-08-28 22:52:32,540  INFO bot_config.check_before_send - Write missed message due to time limit: source/topic:s1/t1, MessageSomeMessage: Time2022-08-28 22:52:32.521813 user_id
2022-08-28 22:52:32,540  INFO bot_config.worker - Kоличество элементов в очереди на прием: 0 
2022-08-28 22:52:33,146  INFO bot_config.check_before_send - checking user subscriptions 588151081 with incoming message, result: True
2022-08-28 22:52:33,149  INFO bot_config.check_before_send - checking for the time period,in which messages can be sent to the user 588151081, result: False
2022-08-28 22:52:33,159  INFO bot_config.check_before_send - Write missed message due to time limit: source/topic:s1/t1, MessageSomeMessage: Time2022-08-28 22:52:33.136168 user_id
2022-08-28 22:52:33,159  INFO bot_config.worker - Kоличество элементов в очереди на прием: 0 
2022-08-28 22:52:33,738  INFO bot_config.check_before_send - checking user subscriptions 588151081 with incoming message, result: True
2022-08-28 22:52:33,742  INFO bot_config.check_before_send - checking for the time period,in which messages can be sent to the user 588151081, result: False
2022-08-28 22:52:33,752  INFO bot_config.check_before_send - Write missed message due to time limit: source/topic:s1/t1, MessageSomeMessage: Time2022-08-28 22:52:33.729580 user_id
2022-08-28 22:52:33,753  INFO bot_config.worker - Kоличество элементов в очереди на прием: 0 
2022-08-28 22:52:34,317  INFO bot_config.check_before_send - checking user subscriptions 588151081 with incoming message, result: True
2022-08-28 22:52:34,321  INFO bot_config.check_before_send - checking for the time period,in which messages can be sent to the user 588151081, result: False
2022-08-28 22:52:34,331  INFO bot_config.check_before_send - Write missed message due to time limit: source/topic:s1/t1, MessageSomeMessage: Time2022-08-28 22:52:34.306040 user_id
2022-08-28 22:52:34,332  INFO bot_config.worker - Kоличество элементов в очереди на прием: 0 
2022-08-28 22:52:34,897  INFO bot_config.check_before_send - checking user subscriptions 588151081 with incoming message, result: True
2022-08-28 22:52:34,901  INFO bot_config.check_before_send - checking for the time period,in which messages can be sent to the user 588151081, result: False
2022-08-28 22:52:34,907  INFO bot_config.check_before_send - Write missed message due to time limit: source/topic:s1/t1, MessageSomeMessage: Time2022-08-28 22:52:34.887482 user_id
2022-08-28 22:52:34,908  INFO bot_config.worker - Kоличество элементов в очереди на прием: 0 
2022-08-28 22:52:35,413  INFO bot_config.check_before_send - checking user subscriptions 588151081 with incoming message, result: True
2022-08-28 22:52:35,417  INFO bot_config.check_before_send - checking for the time period,in which messages can be sent to the user 588151081, result: False
2022-08-28 22:52:35,423  INFO bot_config.check_before_send - Write missed message due to time limit: source/topic:s1/t1, MessageSomeMessage: Time2022-08-28 22:52:35.404101 user_id
2022-08-28 22:52:35,423  INFO bot_config.worker - Kоличество элементов в очереди на прием: 0 
2022-08-28 22:52:36,059  INFO bot_config.check_before_send - checking user subscriptions 588151081 with incoming message, result: True
2022-08-28 22:52:36,063  INFO bot_config.check_before_send - checking for the time period,in which messages can be sent to the user 588151081, result: False
2022-08-28 22:52:36,073  INFO bot_config.check_before_send - Write missed message due to time limit: source/topic:s1/t1, MessageSomeMessage: Time2022-08-28 22:52:36.049375 user_id
2022-08-28 22:52:36,073  INFO bot_config.worker - Kоличество элементов в очереди на прием: 0 
2022-08-28 22:52:36,665  INFO bot_config.check_before_send - checking user subscriptions 588151081 with incoming message, result: True
2022-08-28 22:52:36,669  INFO bot_config.check_before_send - checking for the time period,in which messages can be sent to the user 588151081, result: False
2022-08-28 22:52:36,675  INFO bot_config.check_before_send - Write missed message due to time limit: source/topic:s1/t1, MessageSomeMessage: Time2022-08-28 22:52:36.656751 user_id
2022-08-28 22:52:36,675  INFO bot_config.worker - Kоличество элементов в очереди на прием: 0 
2022-08-28 22:52:40,534  INFO bot_config.fsm - Clearing the time limit for sending messages user_id: 588151081
2022-08-28 22:52:43,425  INFO bot_config.send_missed_message - Outside the period of receiving messages, you have accumulated22 сообщений.
Messages (source/subject: message list: time):
First6сообщений
s1/t1: 
1. SomeMessage: 2022-08-28 22:52:23
2. SomeMessage: 2022-08-28 22:52:24
3. SomeMessage: 2022-08-28 22:52:25
4. SomeMessage: 2022-08-28 22:52:26
5. SomeMessage: 2022-08-28 22:52:26
6. SomeMessage: 2022-08-28 22:52:27
 
Last6 сообщений: 
 s1/t1: 
1. SomeMessage: 2022-08-28 22:52:34
2. SomeMessage: 2022-08-28 22:52:34
3. SomeMessage: 2022-08-28 22:52:35
4. SomeMessage: 2022-08-28 22:52:35
5. SomeMessage: 2022-08-28 22:52:36
6. SomeMessage: 2022-08-28 22:52:37

user_id: 588151081
2022-08-28 22:53:46,749  INFO __main__ - Shutdown
2022-08-28 22:53:54,453  INFO bot_config.bot - bot_has_launched!
2022-08-28 22:53:58,669  INFO bot_config.fsm - Receive messages on user_id: 588151081
2022-08-28 22:54:04,801  INFO bot_config.check_before_send - checking user subscriptions 588151081 with incoming message, result: True
2022-08-28 22:54:04,805  INFO bot_config.check_before_send - checking for the time period,in which messages can be sent to the user 588151081, result: False
2022-08-28 22:54:04,815  INFO bot_config.check_before_send - Write missed message due to time limit: source/topic:s1/t1, MessageSomeMessage: Time2022-08-28 22:54:04.791360 user_id
2022-08-28 22:54:04,815  INFO bot_config.worker - Kоличество элементов в очереди на прием: 0 
2022-08-28 22:54:05,446  INFO bot_config.check_before_send - checking user subscriptions 588151081 with incoming message, result: True
2022-08-28 22:54:05,450  INFO bot_config.check_before_send - checking for the time period,in which messages can be sent to the user 588151081, result: False
2022-08-28 22:54:05,456  INFO bot_config.check_before_send - Write missed message due to time limit: source/topic:s1/t1, MessageSomeMessage: Time2022-08-28 22:54:05.437663 user_id
2022-08-28 22:54:05,456  INFO bot_config.worker - Kоличество элементов в очереди на прием: 0 
2022-08-28 22:54:06,029  INFO bot_config.check_before_send - checking user subscriptions 588151081 with incoming message, result: True
2022-08-28 22:54:06,033  INFO bot_config.check_before_send - checking for the time period,in which messages can be sent to the user 588151081, result: False
2022-08-28 22:54:06,043  INFO bot_config.check_before_send - Write missed message due to time limit: source/topic:s1/t1, MessageSomeMessage: Time2022-08-28 22:54:06.020073 user_id
2022-08-28 22:54:06,043  INFO bot_config.worker - Kоличество элементов в очереди на прием: 0 
2022-08-28 22:54:06,527  INFO bot_config.check_before_send - checking user subscriptions 588151081 with incoming message, result: True
2022-08-28 22:54:06,531  INFO bot_config.check_before_send - checking for the time period,in which messages can be sent to the user 588151081, result: False
2022-08-28 22:54:06,538  INFO bot_config.check_before_send - Write missed message due to time limit: source/topic:s1/t1, MessageSomeMessage: Time2022-08-28 22:54:06.516756 user_id
2022-08-28 22:54:06,538  INFO bot_config.worker - Kоличество элементов в очереди на прием: 0 
2022-08-28 22:54:07,091  INFO bot_config.check_before_send - checking user subscriptions 588151081 with incoming message, result: True
2022-08-28 22:54:07,095  INFO bot_config.check_before_send - checking for the time period,in which messages can be sent to the user 588151081, result: False
2022-08-28 22:54:07,106  INFO bot_config.check_before_send - Write missed message due to time limit: source/topic:s1/t1, MessageSomeMessage: Time2022-08-28 22:54:07.081234 user_id
2022-08-28 22:54:07,106  INFO bot_config.worker - Kоличество элементов в очереди на прием: 0 
2022-08-28 22:54:07,585  INFO bot_config.check_before_send - checking user subscriptions 588151081 with incoming message, result: True
2022-08-28 22:54:07,588  INFO bot_config.check_before_send - checking for the time period,in which messages can be sent to the user 588151081, result: False
2022-08-28 22:54:07,594  INFO bot_config.check_before_send - Write missed message due to time limit: source/topic:s1/t1, MessageSomeMessage: Time2022-08-28 22:54:07.575912 user_id
2022-08-28 22:54:07,594  INFO bot_config.worker - Kоличество элементов в очереди на прием: 0 
2022-08-28 22:54:08,113  INFO bot_config.check_before_send - checking user subscriptions 588151081 with incoming message, result: True
2022-08-28 22:54:08,117  INFO bot_config.check_before_send - checking for the time period,in which messages can be sent to the user 588151081, result: False
2022-08-28 22:54:08,123  INFO bot_config.check_before_send - Write missed message due to time limit: source/topic:s1/t1, MessageSomeMessage: Time2022-08-28 22:54:08.104521 user_id
2022-08-28 22:54:08,123  INFO bot_config.worker - Kоличество элементов в очереди на прием: 0 
2022-08-28 22:54:08,664  INFO bot_config.check_before_send - checking user subscriptions 588151081 with incoming message, result: True
2022-08-28 22:54:08,667  INFO bot_config.check_before_send - checking for the time period,in which messages can be sent to the user 588151081, result: False
2022-08-28 22:54:08,673  INFO bot_config.check_before_send - Write missed message due to time limit: source/topic:s1/t1, MessageSomeMessage: Time2022-08-28 22:54:08.654054 user_id
2022-08-28 22:54:08,673  INFO bot_config.worker - Kоличество элементов в очереди на прием: 0 
2022-08-28 22:54:09,246  INFO bot_config.check_before_send - checking user subscriptions 588151081 with incoming message, result: True
2022-08-28 22:54:09,249  INFO bot_config.check_before_send - checking for the time period,in which messages can be sent to the user 588151081, result: False
2022-08-28 22:54:09,255  INFO bot_config.check_before_send - Write missed message due to time limit: source/topic:s1/t1, MessageSomeMessage: Time2022-08-28 22:54:09.237465 user_id
2022-08-28 22:54:09,256  INFO bot_config.worker - Kоличество элементов в очереди на прием: 0 
2022-08-28 22:54:09,777  INFO bot_config.check_before_send - checking user subscriptions 588151081 with incoming message, result: True
2022-08-28 22:54:09,781  INFO bot_config.check_before_send - checking for the time period,in which messages can be sent to the user 588151081, result: False
2022-08-28 22:54:09,790  INFO bot_config.check_before_send - Write missed message due to time limit: source/topic:s1/t1, MessageSomeMessage: Time2022-08-28 22:54:09.768074 user_id
2022-08-28 22:54:09,790  INFO bot_config.worker - Kоличество элементов в очереди на прием: 0 
2022-08-28 22:54:10,433  INFO bot_config.check_before_send - checking user subscriptions 588151081 with incoming message, result: True
2022-08-28 22:54:10,436  INFO bot_config.check_before_send - checking for the time period,in which messages can be sent to the user 588151081, result: False
2022-08-28 22:54:10,442  INFO bot_config.check_before_send - Write missed message due to time limit: source/topic:s1/t1, MessageSomeMessage: Time2022-08-28 22:54:10.424291 user_id
2022-08-28 22:54:10,442  INFO bot_config.worker - Kоличество элементов в очереди на прием: 0 
2022-08-28 22:54:10,778  INFO bot_config.check_before_send - checking user subscriptions 588151081 with incoming message, result: True
2022-08-28 22:54:10,782  INFO bot_config.check_before_send - checking for the time period,in which messages can be sent to the user 588151081, result: False
2022-08-28 22:54:10,788  INFO bot_config.check_before_send - Write missed message due to time limit: source/topic:s1/t1, MessageSomeMessage: Time2022-08-28 22:54:10.768370 user_id
2022-08-28 22:54:10,788  INFO bot_config.worker - Kоличество элементов в очереди на прием: 0 
2022-08-28 22:54:11,512  INFO bot_config.check_before_send - checking user subscriptions 588151081 with incoming message, result: True
2022-08-28 22:54:11,516  INFO bot_config.check_before_send - checking for the time period,in which messages can be sent to the user 588151081, result: False
2022-08-28 22:54:11,526  INFO bot_config.check_before_send - Write missed message due to time limit: source/topic:s1/t1, MessageSomeMessage: Time2022-08-28 22:54:11.503404 user_id
2022-08-28 22:54:11,526  INFO bot_config.worker - Kоличество элементов в очереди на прием: 0 
2022-08-28 22:54:12,087  INFO bot_config.check_before_send - checking user subscriptions 588151081 with incoming message, result: True
2022-08-28 22:54:12,090  INFO bot_config.check_before_send - checking for the time period,in which messages can be sent to the user 588151081, result: False
2022-08-28 22:54:12,097  INFO bot_config.check_before_send - Write missed message due to time limit: source/topic:s1/t1, MessageSomeMessage: Time2022-08-28 22:54:12.077868 user_id
2022-08-28 22:54:12,097  INFO bot_config.worker - Kоличество элементов в очереди на прием: 0 
2022-08-28 22:54:12,649  INFO bot_config.check_before_send - checking user subscriptions 588151081 with incoming message, result: True
2022-08-28 22:54:12,652  INFO bot_config.check_before_send - checking for the time period,in which messages can be sent to the user 588151081, result: False
2022-08-28 22:54:12,657  INFO bot_config.check_before_send - Write missed message due to time limit: source/topic:s1/t1, MessageSomeMessage: Time2022-08-28 22:54:12.639365 user_id
2022-08-28 22:54:12,657  INFO bot_config.worker - Kоличество элементов в очереди на прием: 0 
2022-08-28 22:54:13,188  INFO bot_config.check_before_send - checking user subscriptions 588151081 with incoming message, result: True
2022-08-28 22:54:13,191  INFO bot_config.check_before_send - checking for the time period,in which messages can be sent to the user 588151081, result: False
2022-08-28 22:54:13,201  INFO bot_config.check_before_send - Write missed message due to time limit: source/topic:s1/t1, MessageSomeMessage: Time2022-08-28 22:54:13.178949 user_id
2022-08-28 22:54:13,202  INFO bot_config.worker - Kоличество элементов в очереди на прием: 0 
2022-08-28 22:54:13,795  INFO bot_config.check_before_send - checking user subscriptions 588151081 with incoming message, result: True
2022-08-28 22:54:13,799  INFO bot_config.check_before_send - checking for the time period,in which messages can be sent to the user 588151081, result: False
2022-08-28 22:54:13,809  INFO bot_config.check_before_send - Write missed message due to time limit: source/topic:s1/t1, MessageSomeMessage: Time2022-08-28 22:54:13.786324 user_id
2022-08-28 22:54:13,809  INFO bot_config.worker - Kоличество элементов в очереди на прием: 0 
2022-08-28 22:54:14,563  INFO bot_config.check_before_send - checking user subscriptions 588151081 with incoming message, result: True
2022-08-28 22:54:14,567  INFO bot_config.check_before_send - checking for the time period,in which messages can be sent to the user 588151081, result: False
2022-08-28 22:54:14,577  INFO bot_config.check_before_send - Write missed message due to time limit: source/topic:s1/t1, MessageSomeMessage: Time2022-08-28 22:54:14.553245 user_id
2022-08-28 22:54:14,577  INFO bot_config.worker - Kоличество элементов в очереди на прием: 0 
2022-08-28 22:54:15,356  INFO bot_config.check_before_send - checking user subscriptions 588151081 with incoming message, result: True
2022-08-28 22:54:15,360  INFO bot_config.check_before_send - checking for the time period,in which messages can be sent to the user 588151081, result: False
2022-08-28 22:54:15,370  INFO bot_config.check_before_send - Write missed message due to time limit: source/topic:s1/t1, MessageSomeMessage: Time2022-08-28 22:54:15.347122 user_id
2022-08-28 22:54:15,370  INFO bot_config.worker - Kоличество элементов в очереди на прием: 0 
2022-08-28 22:54:16,265  INFO bot_config.check_before_send - checking user subscriptions 588151081 with incoming message, result: True
2022-08-28 22:54:16,269  INFO bot_config.check_before_send - checking for the time period,in which messages can be sent to the user 588151081, result: False
2022-08-28 22:54:16,275  INFO bot_config.check_before_send - Write missed message due to time limit: source/topic:s1/t1, MessageSomeMessage: Time2022-08-28 22:54:16.255691 user_id
2022-08-28 22:54:16,275  INFO bot_config.worker - Kоличество элементов в очереди на прием: 0 
2022-08-28 22:54:16,910  INFO bot_config.check_before_send - checking user subscriptions 588151081 with incoming message, result: True
2022-08-28 22:54:16,914  INFO bot_config.check_before_send - checking for the time period,in which messages can be sent to the user 588151081, result: False
2022-08-28 22:54:16,920  INFO bot_config.check_before_send - Write missed message due to time limit: source/topic:s1/t1, MessageSomeMessage: Time2022-08-28 22:54:16.901963 user_id
2022-08-28 22:54:16,920  INFO bot_config.worker - Kоличество элементов в очереди на прием: 0 
2022-08-28 22:54:17,505  INFO bot_config.check_before_send - checking user subscriptions 588151081 with incoming message, result: True
2022-08-28 22:54:17,509  INFO bot_config.check_before_send - checking for the time period,in which messages can be sent to the user 588151081, result: False
2022-08-28 22:54:17,515  INFO bot_config.check_before_send - Write missed message due to time limit: source/topic:s1/t1, MessageSomeMessage: Time2022-08-28 22:54:17.495374 user_id
2022-08-28 22:54:17,515  INFO bot_config.worker - Kоличество элементов в очереди на прием: 0 
2022-08-28 22:54:18,327  INFO bot_config.check_before_send - checking user subscriptions 588151081 with incoming message, result: True
2022-08-28 22:54:18,331  INFO bot_config.check_before_send - checking for the time period,in which messages can be sent to the user 588151081, result: False
2022-08-28 22:54:18,337  INFO bot_config.check_before_send - Write missed message due to time limit: source/topic:s1/t1, MessageSomeMessage: Time2022-08-28 22:54:18.317176 user_id
2022-08-28 22:54:18,337  INFO bot_config.worker - Kоличество элементов в очереди на прием: 0 
2022-08-28 22:54:18,940  INFO bot_config.check_before_send - checking user subscriptions 588151081 with incoming message, result: True
2022-08-28 22:54:18,944  INFO bot_config.check_before_send - checking for the time period,in which messages can be sent to the user 588151081, result: False
2022-08-28 22:54:18,951  INFO bot_config.check_before_send - Write missed message due to time limit: source/topic:s1/t1, MessageSomeMessage: Time2022-08-28 22:54:18.931533 user_id
2022-08-28 22:54:18,951  INFO bot_config.worker - Kоличество элементов в очереди на прием: 0 
2022-08-28 22:54:19,568  INFO bot_config.check_before_send - checking user subscriptions 588151081 with incoming message, result: True
2022-08-28 22:54:19,573  INFO bot_config.check_before_send - checking for the time period,in which messages can be sent to the user 588151081, result: False
2022-08-28 22:54:19,582  INFO bot_config.check_before_send - Write missed message due to time limit: source/topic:s1/t1, MessageSomeMessage: Time2022-08-28 22:54:19.559852 user_id
2022-08-28 22:54:19,583  INFO bot_config.worker - Kоличество элементов в очереди на прием: 0 
2022-08-28 22:54:22,197  INFO bot_config.fsm - Clearing the time limit for sending messages user_id: 588151081
2022-08-28 22:54:22,975  INFO bot_config.send_missed_message - Outside the period of receiving messages, you have accumulated 25 messages.
Messages (source/subject: message list: time):
First 6messages
s1/t1: 
1. SomeMessage: 2022-08-28 22:54:05
2. SomeMessage: 2022-08-28 22:54:05
3. SomeMessage: 2022-08-28 22:54:06
4. SomeMessage: 2022-08-28 22:54:07
5. SomeMessage: 2022-08-28 22:54:07
6. SomeMessage: 2022-08-28 22:54:08
 
Last 6 messages: 
 s1/t1: 
1. SomeMessage: 2022-08-28 22:54:16
2. SomeMessage: 2022-08-28 22:54:17
3. SomeMessage: 2022-08-28 22:54:17
4. SomeMessage: 2022-08-28 22:54:18
5. SomeMessage: 2022-08-28 22:54:19
6. SomeMessage: 2022-08-28 22:54:20

user_id: 588151081
2022-08-28 22:55:48,177  INFO __main__ - Shutdown
2022-08-28 22:55:54,558  INFO bot_config.bot - bot_has_launched!
2022-08-28 22:56:00,989  INFO bot_config.check_before_send - checking user subscriptions 588151081 with incoming message, result: True
2022-08-28 22:56:00,993  INFO bot_config.check_before_send - checking for the time period,in which messages can be sent to the user 588151081, result: False
2022-08-28 22:56:00,999  INFO bot_config.check_before_send - Write missed message due to time limit: source/topic:s1/t1, MessageSomeMessage: Time2022-08-28 22:56:00.979537 user_id
2022-08-28 22:56:01,000  INFO bot_config.worker - Kоличество элементов в очереди на прием: 0 
2022-08-28 22:56:01,646  INFO bot_config.check_before_send - checking user subscriptions 588151081 with incoming message, result: True
2022-08-28 22:56:01,649  INFO bot_config.check_before_send - checking for the time period,in which messages can be sent to the user 588151081, result: False
2022-08-28 22:56:01,655  INFO bot_config.check_before_send - Write missed message due to time limit: source/topic:s1/t1, MessageSomeMessage: Time2022-08-28 22:56:01.637776 user_id
2022-08-28 22:56:01,656  INFO bot_config.worker - Kоличество элементов в очереди на прием: 0 
2022-08-28 22:56:02,217  INFO bot_config.check_before_send - checking user subscriptions 588151081 with incoming message, result: True
2022-08-28 22:56:02,220  INFO bot_config.check_before_send - checking for the time period,in which messages can be sent to the user 588151081, result: False
2022-08-28 22:56:02,230  INFO bot_config.check_before_send - Write missed message due to time limit: source/topic:s1/t1, MessageSomeMessage: Time2022-08-28 22:56:02.208250 user_id
2022-08-28 22:56:02,231  INFO bot_config.worker - Kоличество элементов в очереди на прием: 0 
2022-08-28 22:56:02,747  INFO bot_config.check_before_send - checking user subscriptions 588151081 with incoming message, result: True
2022-08-28 22:56:02,750  INFO bot_config.check_before_send - checking for the time period,in which messages can be sent to the user 588151081, result: False
2022-08-28 22:56:02,756  INFO bot_config.check_before_send - Write missed message due to time limit: source/topic:s1/t1, MessageSomeMessage: Time2022-08-28 22:56:02.738830 user_id
2022-08-28 22:56:02,756  INFO bot_config.worker - Kоличество элементов в очереди на прием: 0 
2022-08-28 22:56:03,276  INFO bot_config.check_before_send - checking user subscriptions 588151081 with incoming message, result: True
2022-08-28 22:56:03,280  INFO bot_config.check_before_send - checking for the time period,in which messages can be sent to the user 588151081, result: False
2022-08-28 22:56:03,290  INFO bot_config.check_before_send - Write missed message due to time limit: source/topic:s1/t1, MessageSomeMessage: Time2022-08-28 22:56:03.266420 user_id
2022-08-28 22:56:03,290  INFO bot_config.worker - Kоличество элементов в очереди на прием: 0 
2022-08-28 22:56:03,816  INFO bot_config.check_before_send - checking user subscriptions 588151081 with incoming message, result: True
2022-08-28 22:56:03,820  INFO bot_config.check_before_send - checking for the time period,in which messages can be sent to the user 588151081, result: False
2022-08-28 22:56:03,826  INFO bot_config.check_before_send - Write missed message due to time limit: source/topic:s1/t1, MessageSomeMessage: Time2022-08-28 22:56:03.806973 user_id
2022-08-28 22:56:03,826  INFO bot_config.worker - Kоличество элементов в очереди на прием: 0 
2022-08-28 22:56:04,367  INFO bot_config.check_before_send - checking user subscriptions 588151081 with incoming message, result: True
2022-08-28 22:56:04,371  INFO bot_config.check_before_send - checking for the time period,in which messages can be sent to the user 588151081, result: False
2022-08-28 22:56:04,377  INFO bot_config.check_before_send - Write missed message due to time limit: source/topic:s1/t1, MessageSomeMessage: Time2022-08-28 22:56:04.358497 user_id
2022-08-28 22:56:04,377  INFO bot_config.worker - Kоличество элементов в очереди на прием: 0 
2022-08-28 22:56:04,896  INFO bot_config.check_before_send - checking user subscriptions 588151081 with incoming message, result: True
2022-08-28 22:56:04,900  INFO bot_config.check_before_send - checking for the time period,in which messages can be sent to the user 588151081, result: False
2022-08-28 22:56:04,906  INFO bot_config.check_before_send - Write missed message due to time limit: source/topic:s1/t1, MessageSomeMessage: Time2022-08-28 22:56:04.886086 user_id
2022-08-28 22:56:04,906  INFO bot_config.worker - Kоличество элементов в очереди на прием: 0 
2022-08-28 22:56:05,457  INFO bot_config.check_before_send - checking user subscriptions 588151081 with incoming message, result: True
2022-08-28 22:56:05,461  INFO bot_config.check_before_send - checking for the time period,in which messages can be sent to the user 588151081, result: False
2022-08-28 22:56:05,468  INFO bot_config.check_before_send - Write missed message due to time limit: source/topic:s1/t1, MessageSomeMessage: Time2022-08-28 22:56:05.446587 user_id
2022-08-28 22:56:05,469  INFO bot_config.worker - Kоличество элементов в очереди на прием: 0 
2022-08-28 22:56:06,019  INFO bot_config.check_before_send - checking user subscriptions 588151081 with incoming message, result: True
2022-08-28 22:56:06,023  INFO bot_config.check_before_send - checking for the time period,in which messages can be sent to the user 588151081, result: False
2022-08-28 22:56:06,029  INFO bot_config.check_before_send - Write missed message due to time limit: source/topic:s1/t1, MessageSomeMessage: Time2022-08-28 22:56:06.010118 user_id
2022-08-28 22:56:06,029  INFO bot_config.worker - Kоличество элементов в очереди на прием: 0 
2022-08-28 22:56:06,547  INFO bot_config.check_before_send - checking user subscriptions 588151081 with incoming message, result: True
2022-08-28 22:56:06,551  INFO bot_config.check_before_send - checking for the time period,in which messages can be sent to the user 588151081, result: False
2022-08-28 22:56:06,557  INFO bot_config.check_before_send - Write missed message due to time limit: source/topic:s1/t1, MessageSomeMessage: Time2022-08-28 22:56:06.537668 user_id
2022-08-28 22:56:06,557  INFO bot_config.worker - Kоличество элементов в очереди на прием: 0 
2022-08-28 22:56:07,097  INFO bot_config.check_before_send - checking user subscriptions 588151081 with incoming message, result: True
2022-08-28 22:56:07,101  INFO bot_config.check_before_send - checking for the time period,in which messages can be sent to the user 588151081, result: False
2022-08-28 22:56:07,106  INFO bot_config.check_before_send - Write missed message due to time limit: source/topic:s1/t1, MessageSomeMessage: Time2022-08-28 22:56:07.087198 user_id
2022-08-28 22:56:07,107  INFO bot_config.worker - Kоличество элементов в очереди на прием: 0 
2022-08-28 22:56:07,658  INFO bot_config.check_before_send - checking user subscriptions 588151081 with incoming message, result: True
2022-08-28 22:56:07,662  INFO bot_config.check_before_send - checking for the time period,in which messages can be sent to the user 588151081, result: False
2022-08-28 22:56:07,668  INFO bot_config.check_before_send - Write missed message due to time limit: source/topic:s1/t1, MessageSomeMessage: Time2022-08-28 22:56:07.649694 user_id
2022-08-28 22:56:07,668  INFO bot_config.worker - Kоличество элементов в очереди на прием: 0 
2022-08-28 22:56:08,254  INFO bot_config.check_before_send - checking user subscriptions 588151081 with incoming message, result: True
2022-08-28 22:56:08,257  INFO bot_config.check_before_send - checking for the time period,in which messages can be sent to the user 588151081, result: False
2022-08-28 22:56:08,263  INFO bot_config.check_before_send - Write missed message due to time limit: source/topic:s1/t1, MessageSomeMessage: Time2022-08-28 22:56:08.244324 user_id
2022-08-28 22:56:08,264  INFO bot_config.worker - Kоличество элементов в очереди на прием: 0 
2022-08-28 22:56:08,869  INFO bot_config.check_before_send - checking user subscriptions 588151081 with incoming message, result: True
2022-08-28 22:56:08,873  INFO bot_config.check_before_send - checking for the time period,in which messages can be sent to the user 588151081, result: False
2022-08-28 22:56:08,879  INFO bot_config.check_before_send - Write missed message due to time limit: source/topic:s1/t1, MessageSomeMessage: Time2022-08-28 22:56:08.860708 user_id
2022-08-28 22:56:08,879  INFO bot_config.worker - Kоличество элементов в очереди на прием: 0 
2022-08-28 22:56:09,398  INFO bot_config.check_before_send - checking user subscriptions 588151081 with incoming message, result: True
2022-08-28 22:56:09,402  INFO bot_config.check_before_send - checking for the time period,in which messages can be sent to the user 588151081, result: False
2022-08-28 22:56:09,408  INFO bot_config.check_before_send - Write missed message due to time limit: source/topic:s1/t1, MessageSomeMessage: Time2022-08-28 22:56:09.388265 user_id
2022-08-28 22:56:09,408  INFO bot_config.worker - Kоличество элементов в очереди на прием: 0 
2022-08-28 22:56:09,968  INFO bot_config.check_before_send - checking user subscriptions 588151081 with incoming message, result: True
2022-08-28 22:56:09,972  INFO bot_config.check_before_send - checking for the time period,in which messages can be sent to the user 588151081, result: False
2022-08-28 22:56:09,981  INFO bot_config.check_before_send - Write missed message due to time limit: source/topic:s1/t1, MessageSomeMessage: Time2022-08-28 22:56:09.959736 user_id
2022-08-28 22:56:09,982  INFO bot_config.worker - Kоличество элементов в очереди на прием: 0 
2022-08-28 22:56:10,574  INFO bot_config.check_before_send - checking user subscriptions 588151081 with incoming message, result: True
2022-08-28 22:56:10,577  INFO bot_config.check_before_send - checking for the time period,in which messages can be sent to the user 588151081, result: False
2022-08-28 22:56:10,583  INFO bot_config.check_before_send - Write missed message due to time limit: source/topic:s1/t1, MessageSomeMessage: Time2022-08-28 22:56:10.564119 user_id
2022-08-28 22:56:10,583  INFO bot_config.worker - Kоличество элементов в очереди на прием: 0 
2022-08-28 22:56:11,114  INFO bot_config.check_before_send - checking user subscriptions 588151081 with incoming message, result: True
2022-08-28 22:56:11,118  INFO bot_config.check_before_send - checking for the time period,in which messages can be sent to the user 588151081, result: False
2022-08-28 22:56:11,129  INFO bot_config.check_before_send - Write missed message due to time limit: source/topic:s1/t1, MessageSomeMessage: Time2022-08-28 22:56:11.106668 user_id
2022-08-28 22:56:11,129  INFO bot_config.worker - Kоличество элементов в очереди на прием: 0 
2022-08-28 22:56:11,668  INFO bot_config.check_before_send - checking user subscriptions 588151081 with incoming message, result: True
2022-08-28 22:56:11,671  INFO bot_config.check_before_send - checking for the time period,in which messages can be sent to the user 588151081, result: False
2022-08-28 22:56:11,682  INFO bot_config.check_before_send - Write missed message due to time limit: source/topic:s1/t1, MessageSomeMessage: Time2022-08-28 22:56:11.658192 user_id
2022-08-28 22:56:11,682  INFO bot_config.worker - Kоличество элементов в очереди на прием: 0 
2022-08-28 22:56:12,296  INFO bot_config.check_before_send - checking user subscriptions 588151081 with incoming message, result: True
2022-08-28 22:56:12,300  INFO bot_config.check_before_send - checking for the time period,in which messages can be sent to the user 588151081, result: False
2022-08-28 22:56:12,305  INFO bot_config.check_before_send - Write missed message due to time limit: source/topic:s1/t1, MessageSomeMessage: Time2022-08-28 22:56:12.286511 user_id
2022-08-28 22:56:12,306  INFO bot_config.worker - Kоличество элементов в очереди на прием: 0 
2022-08-28 22:56:12,833  INFO bot_config.check_before_send - checking user subscriptions 588151081 with incoming message, result: True
2022-08-28 22:56:12,837  INFO bot_config.check_before_send - checking for the time period,in which messages can be sent to the user 588151081, result: False
2022-08-28 22:56:12,843  INFO bot_config.check_before_send - Write missed message due to time limit: source/topic:s1/t1, MessageSomeMessage: Time2022-08-28 22:56:12.823075 user_id
2022-08-28 22:56:12,843  INFO bot_config.worker - Kоличество элементов в очереди на прием: 0 
2022-08-28 22:56:13,308  INFO bot_config.check_before_send - checking user subscriptions 588151081 with incoming message, result: True
2022-08-28 22:56:13,312  INFO bot_config.check_before_send - checking for the time period,in which messages can be sent to the user 588151081, result: False
2022-08-28 22:56:13,319  INFO bot_config.check_before_send - Write missed message due to time limit: source/topic:s1/t1, MessageSomeMessage: Time2022-08-28 22:56:13.299800 user_id
2022-08-28 22:56:13,319  INFO bot_config.worker - Kоличество элементов в очереди на прием: 0 
2022-08-28 22:56:13,871  INFO bot_config.check_before_send - checking user subscriptions 588151081 with incoming message, result: True
2022-08-28 22:56:13,875  INFO bot_config.check_before_send - checking for the time period,in which messages can be sent to the user 588151081, result: False
2022-08-28 22:56:13,881  INFO bot_config.check_before_send - Write missed message due to time limit: source/topic:s1/t1, MessageSomeMessage: Time2022-08-28 22:56:13.861322 user_id
2022-08-28 22:56:13,881  INFO bot_config.worker - Kоличество элементов в очереди на прием: 0 
2022-08-28 22:56:16,530  INFO bot_config.fsm - Clearing the time limit for sending messages user_id: 588151081
2022-08-28 22:56:18,287  INFO bot_config.send_missed_message - Outside the period of receiving messages, you have accumulated 24 messages.
Messages (source/subject: message list: time):
First  6messages
s1/t1: 
1. SomeMessage: 2022-08-28 22:56:01
2. SomeMessage: 2022-08-28 22:56:02
3. SomeMessage: 2022-08-28 22:56:02
4. SomeMessage: 2022-08-28 22:56:03
5. SomeMessage: 2022-08-28 22:56:03
6. SomeMessage: 2022-08-28 22:56:04
 
Last 6 messages: 
 s1/t1: 
1. SomeMessage: 2022-08-28 22:56:11
2. SomeMessage: 2022-08-28 22:56:12
3. SomeMessage: 2022-08-28 22:56:12
4. SomeMessage: 2022-08-28 22:56:13
5. SomeMessage: 2022-08-28 22:56:13
6. SomeMessage: 2022-08-28 22:56:14

user_id: 588151081
2022-08-28 22:57:09,936  INFO __main__ - Shutdown
2022-08-28 22:57:13,629  INFO bot_config.check_before_send - checking user subscriptions 588151081 with incoming message, result: True
2022-08-28 22:57:13,634  INFO bot_config.check_before_send - checking for the time period,in which messages can be sent to the user 588151081, result: True
2022-08-28 22:57:13,796  INFO bot_config.check_before_send - Message s1/t1: SomeMessage 
[2022-08-28 22:57:13.617320]. Send_to_client: William1Blake, user_id: 588151081 
2022-08-28 22:57:13,796  INFO bot_config.worker - Kоличество элементов в очереди на прием: 0 
2022-08-28 22:57:14,223  INFO bot_config.check_before_send - checking user subscriptions 588151081 with incoming message, result: True
2022-08-28 22:57:14,227  INFO bot_config.check_before_send - checking for the time period,in which messages can be sent to the user 588151081, result: True
2022-08-28 22:57:14,317  INFO bot_config.check_before_send - Message s1/t1: SomeMessage 
[2022-08-28 22:57:14.214679]. Send_to_client: William1Blake, user_id: 588151081 
2022-08-28 22:57:14,318  INFO bot_config.worker - Kоличество элементов в очереди на прием: 0 
2022-08-28 22:57:14,831  INFO bot_config.check_before_send - checking user subscriptions 588151081 with incoming message, result: True
2022-08-28 22:57:14,834  INFO bot_config.check_before_send - checking for the time period,in which messages can be sent to the user 588151081, result: True
2022-08-28 22:57:14,952  INFO bot_config.check_before_send - Message s1/t1: SomeMessage 
[2022-08-28 22:57:14.822276]. Send_to_client: William1Blake, user_id: 588151081 
2022-08-28 22:57:14,953  INFO bot_config.worker - Kоличество элементов в очереди на прием: 0 
2022-08-28 22:57:18,975  INFO bot_config.bot - bot_has_launched!
2022-08-28 22:57:25,784  INFO bot_config.check_before_send - checking user subscriptions 588151081 with incoming message, result: True
2022-08-28 22:57:25,788  INFO bot_config.check_before_send - checking for the time period,in which messages can be sent to the user 588151081, result: False
2022-08-28 22:57:25,795  INFO bot_config.check_before_send - Write missed message due to time limit: source/topic:s1/t1, MessageSomeMessage: Time2022-08-28 22:57:25.776439 user_id
2022-08-28 22:57:25,795  INFO bot_config.worker - Kоличество элементов в очереди на прием: 0 
2022-08-28 22:57:26,630  INFO bot_config.check_before_send - checking user subscriptions 588151081 with incoming message, result: True
2022-08-28 22:57:26,634  INFO bot_config.check_before_send - checking for the time period,in which messages can be sent to the user 588151081, result: False
2022-08-28 22:57:26,640  INFO bot_config.check_before_send - Write missed message due to time limit: source/topic:s1/t1, MessageSomeMessage: Time2022-08-28 22:57:26.620183 user_id
2022-08-28 22:57:26,640  INFO bot_config.worker - Kоличество элементов в очереди на прием: 0 
2022-08-28 22:57:27,400  INFO bot_config.check_before_send - checking user subscriptions 588151081 with incoming message, result: True
2022-08-28 22:57:27,403  INFO bot_config.check_before_send - checking for the time period,in which messages can be sent to the user 588151081, result: False
2022-08-28 22:57:27,409  INFO bot_config.check_before_send - Write missed message due to time limit: source/topic:s1/t1, MessageSomeMessage: Time2022-08-28 22:57:27.390122 user_id
2022-08-28 22:57:27,409  INFO bot_config.worker - Kоличество элементов в очереди на прием: 0 
2022-08-28 22:57:28,395  INFO bot_config.check_before_send - checking user subscriptions 588151081 with incoming message, result: True
2022-08-28 22:57:28,399  INFO bot_config.check_before_send - checking for the time period,in which messages can be sent to the user 588151081, result: False
2022-08-28 22:57:28,406  INFO bot_config.check_before_send - Write missed message due to time limit: source/topic:s1/t1, MessageSomeMessage: Time2022-08-28 22:57:28.386458 user_id
2022-08-28 22:57:28,406  INFO bot_config.worker - Kоличество элементов в очереди на прием: 0 
2022-08-28 22:57:34,118  INFO bot_config.fsm - Clearing the time limit for sending messages user_id: 588151081
2022-08-28 22:57:40,210  INFO bot_config.send_missed_message - Outside the period of receiving messages, you have accumulated 4 messages.
Messages (source/subject: message list: time):
s1/t1: 
1. SomeMessage: 2022-08-28 22:57:26
2. SomeMessage: 2022-08-28 22:57:27
3. SomeMessage: 2022-08-28 22:57:27
4. SomeMessage: 2022-08-28 22:57:28

user_id: 588151081
2022-08-28 23:24:54,801  INFO __main__ - Shutdown
